[0.018s] Invoking command in '/home/abd1340m/Dokumente/c++/ros2_cpp_vis_ws/build/camera_publisher': CMAKE_PREFIX_PATH=${CMAKE_PREFIX_PATH}:/opt/ros/humble /usr/bin/cmake --build /home/abd1340m/Dokumente/c++/ros2_cpp_vis_ws/build/camera_publisher -- -j28 -l28
[0.110s] [35m[1mConsolidate compiler generated dependencies of target camera_publisher[0m
[0.150s] [ 50%] [32mBuilding CXX object CMakeFiles/camera_publisher.dir/src/camera_publisher.cpp.o[0m
[3.429s] [01m[K/home/abd1340m/Dokumente/c++/ros2_cpp_vis_ws/src/visualise_cpp/src/camera_publisher.cpp:[m[K In constructor ‘[01m[KCameraSubscriber::CameraSubscriber()[m[K’:
[3.429s] [01m[K/home/abd1340m/Dokumente/c++/ros2_cpp_vis_ws/src/visualise_cpp/src/camera_publisher.cpp:44:91:[m[K [01;31m[Kerror: [m[Kno matching function for call to ‘[01m[Kstd::chrono::duration<long int>::duration(double)[m[K’
[3.429s]    44 |         sync_policy.setInterMessageLowerBound(0, rclcpp::Duration(std::chrono::seconds(0.1[01;31m[K)[m[K));
[3.429s]       |                                                                                           [01;31m[K^[m[K
[3.429s] In file included from [01m[K/usr/include/c++/10/mutex:39[m[K,
[3.430s]                  from [01m[K/usr/include/c++/10/future:38[m[K,
[3.430s]                  from [01m[K/opt/ros/humble/include/rclcpp/rclcpp/executors.hpp:18[m[K,
[3.430s]                  from [01m[K/opt/ros/humble/include/rclcpp/rclcpp/rclcpp.hpp:155[m[K,
[3.430s]                  from [01m[K/home/abd1340m/Dokumente/c++/ros2_cpp_vis_ws/src/visualise_cpp/src/camera_publisher.cpp:1[m[K:
[3.430s] [01m[K/usr/include/c++/10/chrono:478:14:[m[K [01;36m[Knote: [m[Kcandidate: ‘[01m[Ktemplate<class _Rep2, class _Period2, class> constexpr std::chrono::duration<_Rep, _Period>::duration(const std::chrono::duration<_Rep, _Period>&) [with _Rep2 = _Rep2; _Period2 = _Period2; <template-parameter-2-3> = <template-parameter-1-3>; _Rep = long int; _Period = std::ratio<1>][m[K’
[3.430s]   478 |    constexpr [01;36m[Kduration[m[K(const duration<_Rep2, _Period2>& __d)
[3.430s]       |              [01;36m[K^~~~~~~~[m[K
[3.431s] [01m[K/usr/include/c++/10/chrono:478:14:[m[K [01;36m[Knote: [m[K  template argument deduction/substitution failed:
[3.431s] [01m[K/home/abd1340m/Dokumente/c++/ros2_cpp_vis_ws/src/visualise_cpp/src/camera_publisher.cpp:44:91:[m[K [01;36m[Knote: [m[K  mismatched types ‘[01m[Kconst std::chrono::duration<_Rep1, _Period1>[m[K’ and ‘[01m[Kdouble[m[K’
[3.431s]    44 |         sync_policy.setInterMessageLowerBound(0, rclcpp::Duration(std::chrono::seconds(0.1[01;36m[K)[m[K));
[3.431s]       |                                                                                           [01;36m[K^[m[K
[3.431s] In file included from [01m[K/usr/include/c++/10/mutex:39[m[K,
[3.431s]                  from [01m[K/usr/include/c++/10/future:38[m[K,
[3.431s]                  from [01m[K/opt/ros/humble/include/rclcpp/rclcpp/executors.hpp:18[m[K,
[3.432s]                  from [01m[K/opt/ros/humble/include/rclcpp/rclcpp/rclcpp.hpp:155[m[K,
[3.432s]                  from [01m[K/home/abd1340m/Dokumente/c++/ros2_cpp_vis_ws/src/visualise_cpp/src/camera_publisher.cpp:1[m[K:
[3.432s] [01m[K/usr/include/c++/10/chrono:470:23:[m[K [01;36m[Knote: [m[Kcandidate: ‘[01m[Ktemplate<class _Rep2, class> constexpr std::chrono::duration<_Rep, _Period>::duration(const _Rep2&) [with _Rep2 = _Rep2; <template-parameter-2-2> = <template-parameter-1-2>; _Rep = long int; _Period = std::ratio<1>][m[K’
[3.432s]   470 |    constexpr explicit [01;36m[Kduration[m[K(const _Rep2& __rep)
[3.432s]       |                       [01;36m[K^~~~~~~~[m[K
[3.432s] [01m[K/usr/include/c++/10/chrono:470:23:[m[K [01;36m[Knote: [m[K  template argument deduction/substitution failed:
[3.432s] In file included from [01m[K/usr/include/c++/10/bits/move.h:57[m[K,
[3.433s]                  from [01m[K/usr/include/c++/10/bits/stl_pair.h:59[m[K,
[3.433s]                  from [01m[K/usr/include/c++/10/bits/stl_algobase.h:64[m[K,
[3.433s]                  from [01m[K/usr/include/c++/10/memory:63[m[K,
[3.433s]                  from [01m[K/opt/ros/humble/include/rclcpp/rclcpp/rclcpp.hpp:153[m[K,
[3.433s]                  from [01m[K/home/abd1340m/Dokumente/c++/ros2_cpp_vis_ws/src/visualise_cpp/src/camera_publisher.cpp:1[m[K:
[3.433s] /usr/include/c++/10/type_traits: In substitution of ‘[01m[Ktemplate<bool _Cond, class _Tp> using __enable_if_t = typename std::enable_if::type [with bool _Cond = false; _Tp = void][m[K’:
[3.433s] [01m[K/usr/include/c++/10/type_traits:2195:11:[m[K   required by substitution of ‘[01m[Ktemplate<class ... _Cond> using _Require = std::__enable_if_t<std::__and_< <template-parameter-1-1> >::value> [with _Cond = {std::is_convertible<const double&, long int>, std::__or_<std::chrono::treat_as_floating_point<long int>, std::__not_<std::chrono::treat_as_floating_point<double> > >}][m[K’
[3.434s] [01m[K/usr/include/c++/10/chrono:467:27:[m[K   required from here
[3.434s] [01m[K/usr/include/c++/10/type_traits:2192:11:[m[K [01;31m[Kerror: [m[Kno type named ‘[01m[Ktype[m[K’ in ‘[01m[Kstruct std::enable_if<false, void>[m[K’
[3.434s]  2192 |     using [01;31m[K__enable_if_t[m[K = typename enable_if<_Cond, _Tp>::type;
[3.434s]       |           [01;31m[K^~~~~~~~~~~~~[m[K
[3.434s] In file included from [01m[K/usr/include/c++/10/mutex:39[m[K,
[3.434s]                  from [01m[K/usr/include/c++/10/future:38[m[K,
[3.434s]                  from [01m[K/opt/ros/humble/include/rclcpp/rclcpp/executors.hpp:18[m[K,
[3.435s]                  from [01m[K/opt/ros/humble/include/rclcpp/rclcpp/rclcpp.hpp:155[m[K,
[3.435s]                  from [01m[K/home/abd1340m/Dokumente/c++/ros2_cpp_vis_ws/src/visualise_cpp/src/camera_publisher.cpp:1[m[K:
[3.435s] [01m[K/usr/include/c++/10/chrono:463:2:[m[K [01;36m[Knote: [m[Kcandidate: ‘[01m[Kconstexpr std::chrono::duration<_Rep, _Period>::duration(const std::chrono::duration<_Rep, _Period>&) [with _Rep = long int; _Period = std::ratio<1>][m[K’
[3.435s]   463 |  [01;36m[Kduration[m[K(const duration&) = default;
[3.435s]       |  [01;36m[K^~~~~~~~[m[K
[3.436s] [01m[K/usr/include/c++/10/chrono:463:11:[m[K [01;36m[Knote: [m[K  no known conversion for argument 1 from ‘[01m[Kdouble[m[K’ to ‘[01m[Kconst std::chrono::duration<long int>&[m[K’
[3.436s]   463 |  duration([01;36m[Kconst duration&[m[K) = default;
[3.436s]       |           [01;36m[K^~~~~~~~~~~~~~~[m[K
[3.436s] [01m[K/usr/include/c++/10/chrono:461:12:[m[K [01;36m[Knote: [m[Kcandidate: ‘[01m[Kstd::chrono::duration<_Rep, _Period>::duration() [with _Rep = long int; _Period = std::ratio<1>][m[K’
[3.437s]   461 |  constexpr [01;36m[Kduration[m[K() = default;
[3.437s]       |            [01;36m[K^~~~~~~~[m[K
[3.437s] [01m[K/usr/include/c++/10/chrono:461:12:[m[K [01;36m[Knote: [m[K  candidate expects 0 arguments, 1 provided
[9.202s] gmake[2]: *** [CMakeFiles/camera_publisher.dir/build.make:76: CMakeFiles/camera_publisher.dir/src/camera_publisher.cpp.o] Error 1
[9.202s] gmake[1]: *** [CMakeFiles/Makefile2:137: CMakeFiles/camera_publisher.dir/all] Error 2
[9.202s] gmake: *** [Makefile:146: all] Error 2
[9.208s] Invoked command in '/home/abd1340m/Dokumente/c++/ros2_cpp_vis_ws/build/camera_publisher' returned '2': CMAKE_PREFIX_PATH=${CMAKE_PREFIX_PATH}:/opt/ros/humble /usr/bin/cmake --build /home/abd1340m/Dokumente/c++/ros2_cpp_vis_ws/build/camera_publisher -- -j28 -l28
