[0.030s] Invoking command in '/home/abd1340m/Dokumente/c++/ros2_cpp_vis_ws/build/camera_publisher': CMAKE_PREFIX_PATH=${CMAKE_PREFIX_PATH}:/opt/ros/humble /usr/bin/cmake --build /home/abd1340m/Dokumente/c++/ros2_cpp_vis_ws/build/camera_publisher -- -j28 -l28
[0.122s] [35m[1mConsolidate compiler generated dependencies of target camera_publisher[0m
[0.159s] [ 50%] [32mBuilding CXX object CMakeFiles/camera_publisher.dir/src/camera_publisher.cpp.o[0m
[14.688s] [100%] [32m[1mLinking CXX executable camera_publisher[0m
[15.716s] [100%] Built target camera_publisher
[15.742s] Invoked command in '/home/abd1340m/Dokumente/c++/ros2_cpp_vis_ws/build/camera_publisher' returned '0': CMAKE_PREFIX_PATH=${CMAKE_PREFIX_PATH}:/opt/ros/humble /usr/bin/cmake --build /home/abd1340m/Dokumente/c++/ros2_cpp_vis_ws/build/camera_publisher -- -j28 -l28
[15.817s] Invoking command in '/home/abd1340m/Dokumente/c++/ros2_cpp_vis_ws/build/camera_publisher': CMAKE_PREFIX_PATH=${CMAKE_PREFIX_PATH}:/opt/ros/humble /usr/bin/cmake --install /home/abd1340m/Dokumente/c++/ros2_cpp_vis_ws/build/camera_publisher
[15.833s] -- Install configuration: ""
[15.833s] -- Installing: /home/abd1340m/Dokumente/c++/ros2_cpp_vis_ws/install/camera_publisher/lib/camera_publisher/camera_publisher
[15.846s] -- Set runtime path of "/home/abd1340m/Dokumente/c++/ros2_cpp_vis_ws/install/camera_publisher/lib/camera_publisher/camera_publisher" to ""
[15.846s] -- Up-to-date: /home/abd1340m/Dokumente/c++/ros2_cpp_vis_ws/install/camera_publisher/share/ament_index/resource_index/package_run_dependencies/camera_publisher
[15.846s] -- Up-to-date: /home/abd1340m/Dokumente/c++/ros2_cpp_vis_ws/install/camera_publisher/share/ament_index/resource_index/parent_prefix_path/camera_publisher
[15.846s] -- Up-to-date: /home/abd1340m/Dokumente/c++/ros2_cpp_vis_ws/install/camera_publisher/share/camera_publisher/environment/ament_prefix_path.sh
[15.847s] -- Up-to-date: /home/abd1340m/Dokumente/c++/ros2_cpp_vis_ws/install/camera_publisher/share/camera_publisher/environment/ament_prefix_path.dsv
[15.847s] -- Up-to-date: /home/abd1340m/Dokumente/c++/ros2_cpp_vis_ws/install/camera_publisher/share/camera_publisher/environment/path.sh
[15.847s] -- Up-to-date: /home/abd1340m/Dokumente/c++/ros2_cpp_vis_ws/install/camera_publisher/share/camera_publisher/environment/path.dsv
[15.847s] -- Up-to-date: /home/abd1340m/Dokumente/c++/ros2_cpp_vis_ws/install/camera_publisher/share/camera_publisher/local_setup.bash
[15.847s] -- Up-to-date: /home/abd1340m/Dokumente/c++/ros2_cpp_vis_ws/install/camera_publisher/share/camera_publisher/local_setup.sh
[15.847s] -- Up-to-date: /home/abd1340m/Dokumente/c++/ros2_cpp_vis_ws/install/camera_publisher/share/camera_publisher/local_setup.zsh
[15.847s] -- Up-to-date: /home/abd1340m/Dokumente/c++/ros2_cpp_vis_ws/install/camera_publisher/share/camera_publisher/local_setup.dsv
[15.848s] -- Installing: /home/abd1340m/Dokumente/c++/ros2_cpp_vis_ws/install/camera_publisher/share/camera_publisher/package.dsv
[15.848s] -- Up-to-date: /home/abd1340m/Dokumente/c++/ros2_cpp_vis_ws/install/camera_publisher/share/ament_index/resource_index/packages/camera_publisher
[15.848s] -- Up-to-date: /home/abd1340m/Dokumente/c++/ros2_cpp_vis_ws/install/camera_publisher/share/camera_publisher/cmake/camera_publisherConfig.cmake
[15.848s] -- Up-to-date: /home/abd1340m/Dokumente/c++/ros2_cpp_vis_ws/install/camera_publisher/share/camera_publisher/cmake/camera_publisherConfig-version.cmake
[15.848s] -- Up-to-date: /home/abd1340m/Dokumente/c++/ros2_cpp_vis_ws/install/camera_publisher/share/camera_publisher/package.xml
[15.850s] Invoked command in '/home/abd1340m/Dokumente/c++/ros2_cpp_vis_ws/build/camera_publisher' returned '0': CMAKE_PREFIX_PATH=${CMAKE_PREFIX_PATH}:/opt/ros/humble /usr/bin/cmake --install /home/abd1340m/Dokumente/c++/ros2_cpp_vis_ws/build/camera_publisher
