[0.100s] DEBUG:colcon:Command line arguments: ['/usr/bin/colcon', 'build']
[0.100s] DEBUG:colcon:Parsed command line arguments: Namespace(log_base=None, log_level=None, verb_name='build', build_base='build', install_base='install', merge_install=False, symlink_install=False, test_result_base=None, continue_on_error=False, executor='parallel', parallel_workers=28, event_handlers=None, ignore_user_meta=False, metas=['./colcon.meta'], base_paths=['.'], packages_ignore=None, packages_ignore_regex=None, paths=None, packages_up_to=None, packages_up_to_regex=None, packages_above=None, packages_above_and_dependencies=None, packages_above_depth=None, packages_select_by_dep=None, packages_skip_by_dep=None, packages_skip_up_to=None, packages_select_build_failed=False, packages_skip_build_finished=False, packages_select_test_failures=False, packages_skip_test_passed=False, packages_select=None, packages_skip=None, packages_select_regex=None, packages_skip_regex=None, packages_start=None, packages_end=None, allow_overriding=[], cmake_args=None, cmake_target=None, cmake_target_skip_unavailable=False, cmake_clean_cache=False, cmake_clean_first=False, cmake_force_configure=False, ament_cmake_args=None, catkin_cmake_args=None, catkin_skip_building_tests=False, verb_parser=<colcon_defaults.argument_parser.defaults.DefaultArgumentsDecorator object at 0x703a0e141ff0>, verb_extension=<colcon_core.verb.build.BuildVerb object at 0x703a0e143730>, main=<bound method BuildVerb.main of <colcon_core.verb.build.BuildVerb object at 0x703a0e143730>>)
[0.132s] Level 1:colcon.colcon_core.package_discovery:discover_packages(colcon_meta) check parameters
[0.132s] Level 1:colcon.colcon_core.package_discovery:discover_packages(recursive) check parameters
[0.132s] Level 1:colcon.colcon_core.package_discovery:discover_packages(ignore) check parameters
[0.132s] Level 1:colcon.colcon_core.package_discovery:discover_packages(path) check parameters
[0.132s] Level 1:colcon.colcon_core.package_discovery:discover_packages(colcon_meta) discover
[0.132s] Level 1:colcon.colcon_core.package_discovery:discover_packages(recursive) discover
[0.132s] INFO:colcon.colcon_core.package_discovery:Crawling recursively for packages in '/home/abd1340m/Dokumente/c++/ros2_cpp_vis_ws'
[0.132s] Level 1:colcon.colcon_core.package_identification:_identify(.) by extensions ['ignore', 'ignore_ament_install']
[0.133s] Level 1:colcon.colcon_core.package_identification:_identify(.) by extension 'ignore'
[0.133s] Level 1:colcon.colcon_core.package_identification:_identify(.) by extension 'ignore_ament_install'
[0.133s] Level 1:colcon.colcon_core.package_identification:_identify(.) by extensions ['colcon_pkg']
[0.133s] Level 1:colcon.colcon_core.package_identification:_identify(.) by extension 'colcon_pkg'
[0.133s] Level 1:colcon.colcon_core.package_identification:_identify(.) by extensions ['colcon_meta']
[0.133s] Level 1:colcon.colcon_core.package_identification:_identify(.) by extension 'colcon_meta'
[0.133s] Level 1:colcon.colcon_core.package_identification:_identify(.) by extensions ['ros']
[0.133s] Level 1:colcon.colcon_core.package_identification:_identify(.) by extension 'ros'
[0.145s] Level 1:colcon.colcon_core.package_identification:_identify(.) by extensions ['cmake', 'python']
[0.145s] Level 1:colcon.colcon_core.package_identification:_identify(.) by extension 'cmake'
[0.145s] Level 1:colcon.colcon_core.package_identification:_identify(.) by extension 'python'
[0.145s] Level 1:colcon.colcon_core.package_identification:_identify(.) by extensions ['python_setup_py']
[0.145s] Level 1:colcon.colcon_core.package_identification:_identify(.) by extension 'python_setup_py'
[0.145s] Level 1:colcon.colcon_core.package_identification:_identify(build) by extensions ['ignore', 'ignore_ament_install']
[0.145s] Level 1:colcon.colcon_core.package_identification:_identify(build) by extension 'ignore'
[0.145s] Level 1:colcon.colcon_core.package_identification:_identify(build) ignored
[0.145s] Level 1:colcon.colcon_core.package_identification:_identify(install) by extensions ['ignore', 'ignore_ament_install']
[0.145s] Level 1:colcon.colcon_core.package_identification:_identify(install) by extension 'ignore'
[0.145s] Level 1:colcon.colcon_core.package_identification:_identify(install) ignored
[0.145s] Level 1:colcon.colcon_core.package_identification:_identify(log) by extensions ['ignore', 'ignore_ament_install']
[0.145s] Level 1:colcon.colcon_core.package_identification:_identify(log) by extension 'ignore'
[0.145s] Level 1:colcon.colcon_core.package_identification:_identify(log) ignored
[0.145s] Level 1:colcon.colcon_core.package_identification:_identify(src) by extensions ['ignore', 'ignore_ament_install']
[0.145s] Level 1:colcon.colcon_core.package_identification:_identify(src) by extension 'ignore'
[0.145s] Level 1:colcon.colcon_core.package_identification:_identify(src) by extension 'ignore_ament_install'
[0.145s] Level 1:colcon.colcon_core.package_identification:_identify(src) by extensions ['colcon_pkg']
[0.146s] Level 1:colcon.colcon_core.package_identification:_identify(src) by extension 'colcon_pkg'
[0.146s] Level 1:colcon.colcon_core.package_identification:_identify(src) by extensions ['colcon_meta']
[0.146s] Level 1:colcon.colcon_core.package_identification:_identify(src) by extension 'colcon_meta'
[0.146s] Level 1:colcon.colcon_core.package_identification:_identify(src) by extensions ['ros']
[0.146s] Level 1:colcon.colcon_core.package_identification:_identify(src) by extension 'ros'
[0.146s] Level 1:colcon.colcon_core.package_identification:_identify(src) by extensions ['cmake', 'python']
[0.146s] Level 1:colcon.colcon_core.package_identification:_identify(src) by extension 'cmake'
[0.146s] Level 1:colcon.colcon_core.package_identification:_identify(src) by extension 'python'
[0.146s] Level 1:colcon.colcon_core.package_identification:_identify(src) by extensions ['python_setup_py']
[0.146s] Level 1:colcon.colcon_core.package_identification:_identify(src) by extension 'python_setup_py'
[0.146s] Level 1:colcon.colcon_core.package_identification:_identify(src/visualise_cpp) by extensions ['ignore', 'ignore_ament_install']
[0.146s] Level 1:colcon.colcon_core.package_identification:_identify(src/visualise_cpp) by extension 'ignore'
[0.146s] Level 1:colcon.colcon_core.package_identification:_identify(src/visualise_cpp) by extension 'ignore_ament_install'
[0.146s] Level 1:colcon.colcon_core.package_identification:_identify(src/visualise_cpp) by extensions ['colcon_pkg']
[0.146s] Level 1:colcon.colcon_core.package_identification:_identify(src/visualise_cpp) by extension 'colcon_pkg'
[0.146s] Level 1:colcon.colcon_core.package_identification:_identify(src/visualise_cpp) by extensions ['colcon_meta']
[0.146s] Level 1:colcon.colcon_core.package_identification:_identify(src/visualise_cpp) by extension 'colcon_meta'
[0.146s] Level 1:colcon.colcon_core.package_identification:_identify(src/visualise_cpp) by extensions ['ros']
[0.146s] Level 1:colcon.colcon_core.package_identification:_identify(src/visualise_cpp) by extension 'ros'
[0.148s] DEBUG:colcon.colcon_core.package_identification:Package 'src/visualise_cpp' with type 'ros.ament_cmake' and name 'camera_publisher'
[0.148s] Level 1:colcon.colcon_core.package_discovery:discover_packages(recursive) using defaults
[0.148s] Level 1:colcon.colcon_core.package_discovery:discover_packages(ignore) discover
[0.148s] Level 1:colcon.colcon_core.package_discovery:discover_packages(ignore) using defaults
[0.148s] Level 1:colcon.colcon_core.package_discovery:discover_packages(path) discover
[0.148s] Level 1:colcon.colcon_core.package_discovery:discover_packages(path) using defaults
[0.177s] Level 1:colcon.colcon_core.package_discovery:discover_packages(prefix_path) check parameters
[0.177s] Level 1:colcon.colcon_core.package_discovery:discover_packages(prefix_path) discover
[0.179s] DEBUG:colcon.colcon_installed_package_information.package_discovery:Found 1 installed packages in /home/abd1340m/Dokumente/c++/ros2_cpp_vis_ws/install
[0.180s] DEBUG:colcon.colcon_installed_package_information.package_discovery:Found 435 installed packages in /opt/ros/humble
[0.181s] Level 1:colcon.colcon_core.package_discovery:discover_packages(prefix_path) using defaults
[0.240s] Level 5:colcon.colcon_core.verb:set package 'camera_publisher' build argument 'cmake_args' from command line to 'None'
[0.240s] Level 5:colcon.colcon_core.verb:set package 'camera_publisher' build argument 'cmake_target' from command line to 'None'
[0.240s] Level 5:colcon.colcon_core.verb:set package 'camera_publisher' build argument 'cmake_target_skip_unavailable' from command line to 'False'
[0.240s] Level 5:colcon.colcon_core.verb:set package 'camera_publisher' build argument 'cmake_clean_cache' from command line to 'False'
[0.240s] Level 5:colcon.colcon_core.verb:set package 'camera_publisher' build argument 'cmake_clean_first' from command line to 'False'
[0.240s] Level 5:colcon.colcon_core.verb:set package 'camera_publisher' build argument 'cmake_force_configure' from command line to 'False'
[0.240s] Level 5:colcon.colcon_core.verb:set package 'camera_publisher' build argument 'ament_cmake_args' from command line to 'None'
[0.240s] Level 5:colcon.colcon_core.verb:set package 'camera_publisher' build argument 'catkin_cmake_args' from command line to 'None'
[0.240s] Level 5:colcon.colcon_core.verb:set package 'camera_publisher' build argument 'catkin_skip_building_tests' from command line to 'False'
[0.241s] DEBUG:colcon.colcon_core.verb:Building package 'camera_publisher' with the following arguments: {'ament_cmake_args': None, 'build_base': '/home/abd1340m/Dokumente/c++/ros2_cpp_vis_ws/build/camera_publisher', 'catkin_cmake_args': None, 'catkin_skip_building_tests': False, 'cmake_args': None, 'cmake_clean_cache': False, 'cmake_clean_first': False, 'cmake_force_configure': False, 'cmake_target': None, 'cmake_target_skip_unavailable': False, 'install_base': '/home/abd1340m/Dokumente/c++/ros2_cpp_vis_ws/install/camera_publisher', 'merge_install': False, 'path': '/home/abd1340m/Dokumente/c++/ros2_cpp_vis_ws/src/visualise_cpp', 'symlink_install': False, 'test_result_base': None}
[0.241s] INFO:colcon.colcon_core.executor:Executing jobs using 'parallel' executor
[0.242s] DEBUG:colcon.colcon_parallel_executor.executor.parallel:run_until_complete
[0.242s] INFO:colcon.colcon_ros.task.ament_cmake.build:Building ROS package in '/home/abd1340m/Dokumente/c++/ros2_cpp_vis_ws/src/visualise_cpp' with build type 'ament_cmake'
[0.242s] INFO:colcon.colcon_cmake.task.cmake.build:Building CMake package in '/home/abd1340m/Dokumente/c++/ros2_cpp_vis_ws/src/visualise_cpp'
[0.244s] INFO:colcon.colcon_core.plugin_system:Skipping extension 'colcon_core.shell.bat': Not used on non-Windows systems
[0.244s] INFO:colcon.colcon_core.shell:Skip shell extension 'powershell' for command environment: Not usable outside of PowerShell
[0.244s] DEBUG:colcon.colcon_core.shell:Skip shell extension 'dsv' for command environment
[0.255s] DEBUG:colcon.colcon_core.event_handler.log_command:Invoking command in '/home/abd1340m/Dokumente/c++/ros2_cpp_vis_ws/build/camera_publisher': CMAKE_PREFIX_PATH=${CMAKE_PREFIX_PATH}:/opt/ros/humble /usr/bin/cmake --build /home/abd1340m/Dokumente/c++/ros2_cpp_vis_ws/build/camera_publisher -- -j28 -l28
[16.317s] DEBUG:colcon.colcon_core.event_handler.log_command:Invoked command in '/home/abd1340m/Dokumente/c++/ros2_cpp_vis_ws/build/camera_publisher' returned '0': CMAKE_PREFIX_PATH=${CMAKE_PREFIX_PATH}:/opt/ros/humble /usr/bin/cmake --build /home/abd1340m/Dokumente/c++/ros2_cpp_vis_ws/build/camera_publisher -- -j28 -l28
[16.395s] DEBUG:colcon.colcon_core.event_handler.log_command:Invoking command in '/home/abd1340m/Dokumente/c++/ros2_cpp_vis_ws/build/camera_publisher': CMAKE_PREFIX_PATH=${CMAKE_PREFIX_PATH}:/opt/ros/humble /usr/bin/cmake --install /home/abd1340m/Dokumente/c++/ros2_cpp_vis_ws/build/camera_publisher
[16.428s] Level 1:colcon.colcon_core.environment:create_environment_scripts_only(camera_publisher)
[16.429s] DEBUG:colcon.colcon_core.event_handler.log_command:Invoked command in '/home/abd1340m/Dokumente/c++/ros2_cpp_vis_ws/build/camera_publisher' returned '0': CMAKE_PREFIX_PATH=${CMAKE_PREFIX_PATH}:/opt/ros/humble /usr/bin/cmake --install /home/abd1340m/Dokumente/c++/ros2_cpp_vis_ws/build/camera_publisher
[16.433s] Level 1:colcon.colcon_core.environment:checking '/home/abd1340m/Dokumente/c++/ros2_cpp_vis_ws/install/camera_publisher' for CMake module files
[16.433s] Level 1:colcon.colcon_core.environment:checking '/home/abd1340m/Dokumente/c++/ros2_cpp_vis_ws/install/camera_publisher' for CMake config files
[16.433s] Level 1:colcon.colcon_core.shell:create_environment_hook('camera_publisher', 'cmake_prefix_path')
[16.434s] INFO:colcon.colcon_core.shell:Creating environment hook '/home/abd1340m/Dokumente/c++/ros2_cpp_vis_ws/install/camera_publisher/share/camera_publisher/hook/cmake_prefix_path.ps1'
[16.434s] INFO:colcon.colcon_core.shell:Creating environment descriptor '/home/abd1340m/Dokumente/c++/ros2_cpp_vis_ws/install/camera_publisher/share/camera_publisher/hook/cmake_prefix_path.dsv'
[16.435s] INFO:colcon.colcon_core.shell:Creating environment hook '/home/abd1340m/Dokumente/c++/ros2_cpp_vis_ws/install/camera_publisher/share/camera_publisher/hook/cmake_prefix_path.sh'
[16.436s] Level 1:colcon.colcon_core.environment:checking '/home/abd1340m/Dokumente/c++/ros2_cpp_vis_ws/install/camera_publisher/lib'
[16.436s] Level 1:colcon.colcon_core.environment:checking '/home/abd1340m/Dokumente/c++/ros2_cpp_vis_ws/install/camera_publisher/bin'
[16.436s] Level 1:colcon.colcon_core.environment:checking '/home/abd1340m/Dokumente/c++/ros2_cpp_vis_ws/install/camera_publisher/lib/pkgconfig/camera_publisher.pc'
[16.436s] Level 1:colcon.colcon_core.environment:checking '/home/abd1340m/Dokumente/c++/ros2_cpp_vis_ws/install/camera_publisher/lib/python3.10/site-packages'
[16.436s] Level 1:colcon.colcon_core.environment:checking '/home/abd1340m/Dokumente/c++/ros2_cpp_vis_ws/install/camera_publisher/bin'
[16.437s] INFO:colcon.colcon_core.shell:Creating package script '/home/abd1340m/Dokumente/c++/ros2_cpp_vis_ws/install/camera_publisher/share/camera_publisher/package.ps1'
[16.437s] INFO:colcon.colcon_core.shell:Creating package descriptor '/home/abd1340m/Dokumente/c++/ros2_cpp_vis_ws/install/camera_publisher/share/camera_publisher/package.dsv'
[16.438s] INFO:colcon.colcon_core.shell:Creating package script '/home/abd1340m/Dokumente/c++/ros2_cpp_vis_ws/install/camera_publisher/share/camera_publisher/package.sh'
[16.439s] INFO:colcon.colcon_core.shell:Creating package script '/home/abd1340m/Dokumente/c++/ros2_cpp_vis_ws/install/camera_publisher/share/camera_publisher/package.bash'
[16.439s] INFO:colcon.colcon_core.shell:Creating package script '/home/abd1340m/Dokumente/c++/ros2_cpp_vis_ws/install/camera_publisher/share/camera_publisher/package.zsh'
[16.440s] Level 1:colcon.colcon_core.environment:create_file_with_runtime_dependencies(/home/abd1340m/Dokumente/c++/ros2_cpp_vis_ws/install/camera_publisher/share/colcon-core/packages/camera_publisher)
[16.486s] Level 1:colcon.colcon_core.environment:create_environment_scripts_only(camera_publisher)
[16.487s] Level 1:colcon.colcon_core.environment:checking '/home/abd1340m/Dokumente/c++/ros2_cpp_vis_ws/install/camera_publisher' for CMake module files
[16.489s] Level 1:colcon.colcon_core.environment:checking '/home/abd1340m/Dokumente/c++/ros2_cpp_vis_ws/install/camera_publisher' for CMake config files
[16.490s] Level 1:colcon.colcon_core.shell:create_environment_hook('camera_publisher', 'cmake_prefix_path')
[16.490s] INFO:colcon.colcon_core.shell:Creating environment hook '/home/abd1340m/Dokumente/c++/ros2_cpp_vis_ws/install/camera_publisher/share/camera_publisher/hook/cmake_prefix_path.ps1'
[16.491s] INFO:colcon.colcon_core.shell:Creating environment descriptor '/home/abd1340m/Dokumente/c++/ros2_cpp_vis_ws/install/camera_publisher/share/camera_publisher/hook/cmake_prefix_path.dsv'
[16.492s] INFO:colcon.colcon_core.shell:Creating environment hook '/home/abd1340m/Dokumente/c++/ros2_cpp_vis_ws/install/camera_publisher/share/camera_publisher/hook/cmake_prefix_path.sh'
[16.493s] Level 1:colcon.colcon_core.environment:checking '/home/abd1340m/Dokumente/c++/ros2_cpp_vis_ws/install/camera_publisher/lib'
[16.494s] Level 1:colcon.colcon_core.environment:checking '/home/abd1340m/Dokumente/c++/ros2_cpp_vis_ws/install/camera_publisher/bin'
[16.494s] Level 1:colcon.colcon_core.environment:checking '/home/abd1340m/Dokumente/c++/ros2_cpp_vis_ws/install/camera_publisher/lib/pkgconfig/camera_publisher.pc'
[16.494s] Level 1:colcon.colcon_core.environment:checking '/home/abd1340m/Dokumente/c++/ros2_cpp_vis_ws/install/camera_publisher/lib/python3.10/site-packages'
[16.495s] Level 1:colcon.colcon_core.environment:checking '/home/abd1340m/Dokumente/c++/ros2_cpp_vis_ws/install/camera_publisher/bin'
[16.496s] INFO:colcon.colcon_core.shell:Creating package script '/home/abd1340m/Dokumente/c++/ros2_cpp_vis_ws/install/camera_publisher/share/camera_publisher/package.ps1'
[16.497s] INFO:colcon.colcon_core.shell:Creating package descriptor '/home/abd1340m/Dokumente/c++/ros2_cpp_vis_ws/install/camera_publisher/share/camera_publisher/package.dsv'
[16.498s] INFO:colcon.colcon_core.shell:Creating package script '/home/abd1340m/Dokumente/c++/ros2_cpp_vis_ws/install/camera_publisher/share/camera_publisher/package.sh'
[16.499s] INFO:colcon.colcon_core.shell:Creating package script '/home/abd1340m/Dokumente/c++/ros2_cpp_vis_ws/install/camera_publisher/share/camera_publisher/package.bash'
[16.499s] INFO:colcon.colcon_core.shell:Creating package script '/home/abd1340m/Dokumente/c++/ros2_cpp_vis_ws/install/camera_publisher/share/camera_publisher/package.zsh'
[16.500s] Level 1:colcon.colcon_core.environment:create_file_with_runtime_dependencies(/home/abd1340m/Dokumente/c++/ros2_cpp_vis_ws/install/camera_publisher/share/colcon-core/packages/camera_publisher)
[16.501s] DEBUG:colcon.colcon_parallel_executor.executor.parallel:closing loop
[16.501s] DEBUG:colcon.colcon_parallel_executor.executor.parallel:loop closed
[16.501s] DEBUG:colcon.colcon_parallel_executor.executor.parallel:run_until_complete finished with '0'
[16.501s] DEBUG:colcon.colcon_core.event_reactor:joining thread
[16.516s] INFO:colcon.colcon_core.plugin_system:Skipping extension 'colcon_notification.desktop_notification.terminal_notifier': Not used on non-Darwin systems
[16.517s] INFO:colcon.colcon_core.plugin_system:Skipping extension 'colcon_notification.desktop_notification.win32': Not used on non-Windows systems
[16.517s] INFO:colcon.colcon_notification.desktop_notification:Sending desktop notification using 'notify2'
[16.547s] DEBUG:colcon.colcon_core.event_reactor:joined thread
[16.547s] INFO:colcon.colcon_core.shell:Creating prefix script '/home/abd1340m/Dokumente/c++/ros2_cpp_vis_ws/install/local_setup.ps1'
[16.549s] INFO:colcon.colcon_core.shell:Creating prefix util module '/home/abd1340m/Dokumente/c++/ros2_cpp_vis_ws/install/_local_setup_util_ps1.py'
[16.553s] INFO:colcon.colcon_core.shell:Creating prefix chain script '/home/abd1340m/Dokumente/c++/ros2_cpp_vis_ws/install/setup.ps1'
[16.556s] INFO:colcon.colcon_core.shell:Creating prefix script '/home/abd1340m/Dokumente/c++/ros2_cpp_vis_ws/install/local_setup.sh'
[16.559s] INFO:colcon.colcon_core.shell:Creating prefix util module '/home/abd1340m/Dokumente/c++/ros2_cpp_vis_ws/install/_local_setup_util_sh.py'
[16.560s] INFO:colcon.colcon_core.shell:Creating prefix chain script '/home/abd1340m/Dokumente/c++/ros2_cpp_vis_ws/install/setup.sh'
[16.562s] INFO:colcon.colcon_core.shell:Creating prefix script '/home/abd1340m/Dokumente/c++/ros2_cpp_vis_ws/install/local_setup.bash'
[16.562s] INFO:colcon.colcon_core.shell:Creating prefix chain script '/home/abd1340m/Dokumente/c++/ros2_cpp_vis_ws/install/setup.bash'
[16.564s] INFO:colcon.colcon_core.shell:Creating prefix script '/home/abd1340m/Dokumente/c++/ros2_cpp_vis_ws/install/local_setup.zsh'
[16.564s] INFO:colcon.colcon_core.shell:Creating prefix chain script '/home/abd1340m/Dokumente/c++/ros2_cpp_vis_ws/install/setup.zsh'
