[0.014s] Invoking command in '/home/abd1340m/Dokumente/c++/ros2_cpp_vis_ws/build/visualise_cpp': CMAKE_PREFIX_PATH=${CMAKE_PREFIX_PATH}:/opt/ros/humble /usr/bin/cmake /home/abd1340m/Dokumente/c++/ros2_cpp_vis_ws/src/visualise_cpp -DCMAKE_INSTALL_PREFIX=/home/abd1340m/Dokumente/c++/ros2_cpp_vis_ws/install/visualise_cpp
[0.117s] -- The C compiler identification is GNU 10.5.0
[0.216s] -- The CXX compiler identification is GNU 10.5.0
[0.234s] -- Detecting C compiler ABI info
[0.364s] -- Detecting C compiler ABI info - done
[0.381s] -- Check for working C compiler: /usr/bin/cc - skipped
[0.382s] -- Detecting C compile features
[0.382s] -- Detecting C compile features - done
[0.386s] -- Detecting CXX compiler ABI info
[0.545s] -- Detecting CXX compiler ABI info - done
[0.561s] -- Check for working CXX compiler: /usr/bin/c++ - skipped
[0.561s] -- Detecting CXX compile features
[0.561s] -- Detecting CXX compile features - done
[0.565s] -- Found ament_cmake: 1.3.9 (/opt/ros/humble/share/ament_cmake/cmake)
[0.982s] -- Found Python3: /usr/bin/python3 (found version "3.10.12") found components: Interpreter 
[1.103s] -- Found rclcpp: 16.0.9 (/opt/ros/humble/share/rclcpp/cmake)
[1.157s] -- Found rosidl_generator_c: 3.1.5 (/opt/ros/humble/share/rosidl_generator_c/cmake)
[1.168s] -- Found rosidl_adapter: 3.1.5 (/opt/ros/humble/share/rosidl_adapter/cmake)
[1.180s] -- Found rosidl_generator_cpp: 3.1.5 (/opt/ros/humble/share/rosidl_generator_cpp/cmake)
[1.193s] -- Using all available rosidl_typesupport_c: rosidl_typesupport_fastrtps_c;rosidl_typesupport_introspection_c
[1.208s] -- Using all available rosidl_typesupport_cpp: rosidl_typesupport_fastrtps_cpp;rosidl_typesupport_introspection_cpp
[1.265s] -- Found rmw_implementation_cmake: 6.1.2 (/opt/ros/humble/share/rmw_implementation_cmake/cmake)
[1.267s] -- Found rmw_fastrtps_cpp: 6.2.6 (/opt/ros/humble/share/rmw_fastrtps_cpp/cmake)
[1.407s] -- Found OpenSSL: /usr/lib/x86_64-linux-gnu/libcrypto.so (found version "3.0.2")  
[1.462s] -- Found FastRTPS: /opt/ros/humble/include  
[1.537s] -- Using RMW implementation 'rmw_fastrtps_cpp' as default
[1.560s] -- Looking for pthread.h
[1.700s] -- Looking for pthread.h - found
[1.700s] -- Performing Test CMAKE_HAVE_LIBC_PTHREAD
[1.844s] -- Performing Test CMAKE_HAVE_LIBC_PTHREAD - Success
[1.847s] -- Found Threads: TRUE  
[1.997s] -- Found sensor_msgs: 4.2.4 (/opt/ros/humble/share/sensor_msgs/cmake)
[2.119s] -- Found cv_bridge: 3.2.1 (/opt/ros/humble/share/cv_bridge/cmake)
[2.137s] -- Found OpenCV: /usr (found version "4.5.4") 
[2.142s] -- Found message_filters: 4.3.4 (/opt/ros/humble/share/message_filters/cmake)
[2.202s] [31mCMake Error at /opt/ros/humble/share/ament_cmake_core/cmake/core/ament_package_xml.cmake:53 (message):
[2.203s]   ament_package_xml() package name 'visualise_cpp' in '/package.xml' does not
[2.203s]   match current PROJECT_NAME 'camera_publisher'.  You must call project()
[2.203s]   with the same package name before.
[2.203s] Call Stack (most recent call first):
[2.203s]   /opt/ros/humble/share/ament_cmake_core/cmake/core/ament_package.cmake:63 (ament_package_xml)
[2.203s]   CMakeLists.txt:33 (ament_package)
[2.204s] 
[2.204s] [0m
[2.204s] -- Configuring incomplete, errors occurred!
[2.204s] See also "/home/abd1340m/Dokumente/c++/ros2_cpp_vis_ws/build/visualise_cpp/CMakeFiles/CMakeOutput.log".
[2.227s] Invoked command in '/home/abd1340m/Dokumente/c++/ros2_cpp_vis_ws/build/visualise_cpp' returned '1': CMAKE_PREFIX_PATH=${CMAKE_PREFIX_PATH}:/opt/ros/humble /usr/bin/cmake /home/abd1340m/Dokumente/c++/ros2_cpp_vis_ws/src/visualise_cpp -DCMAKE_INSTALL_PREFIX=/home/abd1340m/Dokumente/c++/ros2_cpp_vis_ws/install/visualise_cpp
