[0.018s] Invoking command in '/home/abd1340m/Dokumente/c++/ros2_cpp_vis_ws/build/camera_publisher': CMAKE_PREFIX_PATH=${CMAKE_PREFIX_PATH}:/opt/ros/humble /usr/bin/cmake --build /home/abd1340m/Dokumente/c++/ros2_cpp_vis_ws/build/camera_publisher -- -j28 -l28
[0.113s] [35m[1mConsolidate compiler generated dependencies of target camera_publisher[0m
[0.160s] [ 50%] [32mBuilding CXX object CMakeFiles/camera_publisher.dir/src/camera_publisher.cpp.o[0m
[3.608s] [01m[K/home/abd1340m/Dokumente/c++/ros2_cpp_vis_ws/src/visualise_cpp/src/camera_publisher.cpp:[m[K In constructor ‘[01m[KCameraSubscriber::CameraSubscriber()[m[K’:
[3.608s] [01m[K/home/abd1340m/Dokumente/c++/ros2_cpp_vis_ws/src/visualise_cpp/src/camera_publisher.cpp:31:70:[m[K [01;31m[Kerror: [m[Kno match for ‘[01m[Koperator=[m[K’ (operand types are ‘[01m[Kcv::Mat[m[K’ and ‘[01m[Kconst cv::_InputArray[m[K’)
[3.608s]    31 |         matrix_coefficients_mat = cv::InputArray( matrix_coefficients[01;31m[K)[m[K;
[3.609s]       |                                                                      [01;31m[K^[m[K
[3.609s] In file included from [01m[K/usr/include/opencv4/opencv2/core.hpp:58[m[K,
[3.609s]                  from [01m[K/usr/include/opencv4/opencv2/core/core.hpp:48[m[K,
[3.609s]                  from [01m[K/opt/ros/humble/include/cv_bridge/cv_bridge/cv_bridge.h:43[m[K,
[3.609s]                  from [01m[K/home/abd1340m/Dokumente/c++/ros2_cpp_vis_ws/src/visualise_cpp/src/camera_publisher.cpp:3[m[K:
[3.609s] [01m[K/usr/include/opencv4/opencv2/core/mat.hpp:1064:10:[m[K [01;36m[Knote: [m[Kcandidate: ‘[01m[Kcv::Mat& cv::Mat::operator=(const cv::Mat&)[m[K’
[3.609s]  1064 |     Mat& [01;36m[Koperator[m[K = (const Mat& m);
[3.610s]       |          [01;36m[K^~~~~~~~[m[K
[3.610s] [01m[K/usr/include/opencv4/opencv2/core/mat.hpp:1064:33:[m[K [01;36m[Knote: [m[K  no known conversion for argument 1 from ‘[01m[Kconst cv::_InputArray[m[K’ to ‘[01m[Kconst cv::Mat&[m[K’
[3.610s]  1064 |     Mat& operator = ([01;36m[Kconst Mat& m[m[K);
[3.610s]       |                      [01;36m[K~~~~~~~~~~~^[m[K
[3.610s] In file included from [01m[K/usr/include/opencv4/opencv2/core/mat.hpp:3764[m[K,
[3.610s]                  from [01m[K/usr/include/opencv4/opencv2/core.hpp:58[m[K,
[3.610s]                  from [01m[K/usr/include/opencv4/opencv2/core/core.hpp:48[m[K,
[3.611s]                  from [01m[K/opt/ros/humble/include/cv_bridge/cv_bridge/cv_bridge.h:43[m[K,
[3.611s]                  from [01m[K/home/abd1340m/Dokumente/c++/ros2_cpp_vis_ws/src/visualise_cpp/src/camera_publisher.cpp:3[m[K:
[3.611s] [01m[K/usr/include/opencv4/opencv2/core/mat.inl.hpp:3008:6:[m[K [01;36m[Knote: [m[Kcandidate: ‘[01m[Kcv::Mat& cv::Mat::operator=(const cv::MatExpr&)[m[K’
[3.611s]  3008 | Mat& [01;36m[KMat[m[K::operator = (const MatExpr& e)
[3.611s]       |      [01;36m[K^~~[m[K
[3.611s] [01m[K/usr/include/opencv4/opencv2/core/mat.inl.hpp:3008:38:[m[K [01;36m[Knote: [m[K  no known conversion for argument 1 from ‘[01m[Kconst cv::_InputArray[m[K’ to ‘[01m[Kconst cv::MatExpr&[m[K’
[3.611s]  3008 | Mat& Mat::operator = ([01;36m[Kconst MatExpr& e[m[K)
[3.612s]       |                       [01;36m[K~~~~~~~~~~~~~~~^[m[K
[3.612s] In file included from [01m[K/usr/include/opencv4/opencv2/core.hpp:58[m[K,
[3.612s]                  from [01m[K/usr/include/opencv4/opencv2/core/core.hpp:48[m[K,
[3.612s]                  from [01m[K/opt/ros/humble/include/cv_bridge/cv_bridge/cv_bridge.h:43[m[K,
[3.612s]                  from [01m[K/home/abd1340m/Dokumente/c++/ros2_cpp_vis_ws/src/visualise_cpp/src/camera_publisher.cpp:3[m[K:
[3.612s] [01m[K/usr/include/opencv4/opencv2/core/mat.hpp:1251:10:[m[K [01;36m[Knote: [m[Kcandidate: ‘[01m[Kcv::Mat& cv::Mat::operator=(const Scalar&)[m[K’
[3.612s]  1251 |     Mat& [01;36m[Koperator[m[K = (const Scalar& s);
[3.613s]       |          [01;36m[K^~~~~~~~[m[K
[3.613s] [01m[K/usr/include/opencv4/opencv2/core/mat.hpp:1251:36:[m[K [01;36m[Knote: [m[K  no known conversion for argument 1 from ‘[01m[Kconst cv::_InputArray[m[K’ to ‘[01m[Kconst Scalar&[m[K’ {aka ‘[01m[Kconst cv::Scalar_<double>&[m[K’}
[3.613s]  1251 |     Mat& operator = ([01;36m[Kconst Scalar& s[m[K);
[3.613s]       |                      [01;36m[K~~~~~~~~~~~~~~^[m[K
[3.613s] [01m[K/usr/include/opencv4/opencv2/core/mat.hpp:2092:10:[m[K [01;36m[Knote: [m[Kcandidate: ‘[01m[Kcv::Mat& cv::Mat::operator=(cv::Mat&&)[m[K’
[3.613s]  2092 |     Mat& [01;36m[Koperator[m[K = (Mat&& m);
[3.613s]       |          [01;36m[K^~~~~~~~[m[K
[3.614s] [01m[K/usr/include/opencv4/opencv2/core/mat.hpp:2092:28:[m[K [01;36m[Knote: [m[K  no known conversion for argument 1 from ‘[01m[Kconst cv::_InputArray[m[K’ to ‘[01m[Kcv::Mat&&[m[K’
[3.614s]  2092 |     Mat& operator = ([01;36m[KMat&& m[m[K);
[3.614s]       |                      [01;36m[K~~~~~~^[m[K
[3.614s] [01m[K/home/abd1340m/Dokumente/c++/ros2_cpp_vis_ws/src/visualise_cpp/src/camera_publisher.cpp:32:77:[m[K [01;31m[Kerror: [m[Kno match for ‘[01m[Koperator=[m[K’ (operand types are ‘[01m[Kcv::Mat[m[K’ and ‘[01m[Kconst cv::_InputArray[m[K’)
[3.614s]    32 |         distortion_coefficients_mat = cv::InputArray(distortion_coefficients[01;31m[K)[m[K;
[3.614s]       |                                                                             [01;31m[K^[m[K
[3.614s] In file included from [01m[K/usr/include/opencv4/opencv2/core.hpp:58[m[K,
[3.615s]                  from [01m[K/usr/include/opencv4/opencv2/core/core.hpp:48[m[K,
[3.615s]                  from [01m[K/opt/ros/humble/include/cv_bridge/cv_bridge/cv_bridge.h:43[m[K,
[3.615s]                  from [01m[K/home/abd1340m/Dokumente/c++/ros2_cpp_vis_ws/src/visualise_cpp/src/camera_publisher.cpp:3[m[K:
[3.615s] [01m[K/usr/include/opencv4/opencv2/core/mat.hpp:1064:10:[m[K [01;36m[Knote: [m[Kcandidate: ‘[01m[Kcv::Mat& cv::Mat::operator=(const cv::Mat&)[m[K’
[3.615s]  1064 |     Mat& [01;36m[Koperator[m[K = (const Mat& m);
[3.615s]       |          [01;36m[K^~~~~~~~[m[K
[3.615s] [01m[K/usr/include/opencv4/opencv2/core/mat.hpp:1064:33:[m[K [01;36m[Knote: [m[K  no known conversion for argument 1 from ‘[01m[Kconst cv::_InputArray[m[K’ to ‘[01m[Kconst cv::Mat&[m[K’
[3.616s]  1064 |     Mat& operator = ([01;36m[Kconst Mat& m[m[K);
[3.616s]       |                      [01;36m[K~~~~~~~~~~~^[m[K
[3.616s] In file included from [01m[K/usr/include/opencv4/opencv2/core/mat.hpp:3764[m[K,
[3.616s]                  from [01m[K/usr/include/opencv4/opencv2/core.hpp:58[m[K,
[3.616s]                  from [01m[K/usr/include/opencv4/opencv2/core/core.hpp:48[m[K,
[3.616s]                  from [01m[K/opt/ros/humble/include/cv_bridge/cv_bridge/cv_bridge.h:43[m[K,
[3.616s]                  from [01m[K/home/abd1340m/Dokumente/c++/ros2_cpp_vis_ws/src/visualise_cpp/src/camera_publisher.cpp:3[m[K:
[3.617s] [01m[K/usr/include/opencv4/opencv2/core/mat.inl.hpp:3008:6:[m[K [01;36m[Knote: [m[Kcandidate: ‘[01m[Kcv::Mat& cv::Mat::operator=(const cv::MatExpr&)[m[K’
[3.617s]  3008 | Mat& [01;36m[KMat[m[K::operator = (const MatExpr& e)
[3.617s]       |      [01;36m[K^~~[m[K
[3.617s] [01m[K/usr/include/opencv4/opencv2/core/mat.inl.hpp:3008:38:[m[K [01;36m[Knote: [m[K  no known conversion for argument 1 from ‘[01m[Kconst cv::_InputArray[m[K’ to ‘[01m[Kconst cv::MatExpr&[m[K’
[3.617s]  3008 | Mat& Mat::operator = ([01;36m[Kconst MatExpr& e[m[K)
[3.617s]       |                       [01;36m[K~~~~~~~~~~~~~~~^[m[K
[3.617s] In file included from [01m[K/usr/include/opencv4/opencv2/core.hpp:58[m[K,
[3.618s]                  from [01m[K/usr/include/opencv4/opencv2/core/core.hpp:48[m[K,
[3.618s]                  from [01m[K/opt/ros/humble/include/cv_bridge/cv_bridge/cv_bridge.h:43[m[K,
[3.618s]                  from [01m[K/home/abd1340m/Dokumente/c++/ros2_cpp_vis_ws/src/visualise_cpp/src/camera_publisher.cpp:3[m[K:
[3.618s] [01m[K/usr/include/opencv4/opencv2/core/mat.hpp:1251:10:[m[K [01;36m[Knote: [m[Kcandidate: ‘[01m[Kcv::Mat& cv::Mat::operator=(const Scalar&)[m[K’
[3.618s]  1251 |     Mat& [01;36m[Koperator[m[K = (const Scalar& s);
[3.618s]       |          [01;36m[K^~~~~~~~[m[K
[3.618s] [01m[K/usr/include/opencv4/opencv2/core/mat.hpp:1251:36:[m[K [01;36m[Knote: [m[K  no known conversion for argument 1 from ‘[01m[Kconst cv::_InputArray[m[K’ to ‘[01m[Kconst Scalar&[m[K’ {aka ‘[01m[Kconst cv::Scalar_<double>&[m[K’}
[3.619s]  1251 |     Mat& operator = ([01;36m[Kconst Scalar& s[m[K);
[3.619s]       |                      [01;36m[K~~~~~~~~~~~~~~^[m[K
[3.619s] [01m[K/usr/include/opencv4/opencv2/core/mat.hpp:2092:10:[m[K [01;36m[Knote: [m[Kcandidate: ‘[01m[Kcv::Mat& cv::Mat::operator=(cv::Mat&&)[m[K’
[3.619s]  2092 |     Mat& [01;36m[Koperator[m[K = (Mat&& m);
[3.619s]       |          [01;36m[K^~~~~~~~[m[K
[3.619s] [01m[K/usr/include/opencv4/opencv2/core/mat.hpp:2092:28:[m[K [01;36m[Knote: [m[K  no known conversion for argument 1 from ‘[01m[Kconst cv::_InputArray[m[K’ to ‘[01m[Kcv::Mat&&[m[K’
[3.619s]  2092 |     Mat& operator = ([01;36m[KMat&& m[m[K);
[3.619s]       |                      [01;36m[K~~~~~~^[m[K
[9.618s] gmake[2]: *** [CMakeFiles/camera_publisher.dir/build.make:76: CMakeFiles/camera_publisher.dir/src/camera_publisher.cpp.o] Error 1
[9.618s] gmake[1]: *** [CMakeFiles/Makefile2:137: CMakeFiles/camera_publisher.dir/all] Error 2
[9.619s] gmake: *** [Makefile:146: all] Error 2
[9.623s] Invoked command in '/home/abd1340m/Dokumente/c++/ros2_cpp_vis_ws/build/camera_publisher' returned '2': CMAKE_PREFIX_PATH=${CMAKE_PREFIX_PATH}:/opt/ros/humble /usr/bin/cmake --build /home/abd1340m/Dokumente/c++/ros2_cpp_vis_ws/build/camera_publisher -- -j28 -l28
