-- Found ament_cmake: 1.3.9 (/opt/ros/humble/share/ament_cmake/cmake)
-- Found rclcpp: 16.0.9 (/opt/ros/humble/share/rclcpp/cmake)
-- Found rosidl_generator_c: 3.1.5 (/opt/ros/humble/share/rosidl_generator_c/cmake)
-- Found rosidl_adapter: 3.1.5 (/opt/ros/humble/share/rosidl_adapter/cmake)
-- Found rosidl_generator_cpp: 3.1.5 (/opt/ros/humble/share/rosidl_generator_cpp/cmake)
-- Using all available rosidl_typesupport_c: rosidl_typesupport_fastrtps_c;rosidl_typesupport_introspection_c
-- Using all available rosidl_typesupport_cpp: rosidl_typesupport_fastrtps_cpp;rosidl_typesupport_introspection_cpp
-- Found rmw_implementation_cmake: 6.1.2 (/opt/ros/humble/share/rmw_implementation_cmake/cmake)
-- Found rmw_fastrtps_cpp: 6.2.6 (/opt/ros/humble/share/rmw_fastrtps_cpp/cmake)
-- Using RMW implementation 'rmw_fastrtps_cpp' as default
-- Found sensor_msgs: 4.2.4 (/opt/ros/humble/share/sensor_msgs/cmake)
-- Found cv_bridge: 3.2.1 (/opt/ros/humble/share/cv_bridge/cmake)
-- Found message_filters: 4.3.4 (/opt/ros/humble/share/message_filters/cmake)
-- Configuring done
-- Generating done
-- Build files have been written to: /home/abd1340m/Dokumente/c++/ros2_cpp_vis_ws/build/camera_publisher
[35m[1mConsolidate compiler generated dependencies of target camera_publisher[0m
[ 50%] [32m[1mLinking CXX executable camera_publisher[0m
[100%] Built target camera_publisher
-- Install configuration: ""
-- Installing: /home/abd1340m/Dokumente/c++/ros2_cpp_vis_ws/install/camera_publisher/lib/camera_publisher/camera_publisher
-- Set runtime path of "/home/abd1340m/Dokumente/c++/ros2_cpp_vis_ws/install/camera_publisher/lib/camera_publisher/camera_publisher" to ""
-- Installing: /home/abd1340m/Dokumente/c++/ros2_cpp_vis_ws/install/camera_publisher/share/ament_index/resource_index/package_run_dependencies/camera_publisher
-- Installing: /home/abd1340m/Dokumente/c++/ros2_cpp_vis_ws/install/camera_publisher/share/ament_index/resource_index/parent_prefix_path/camera_publisher
-- Installing: /home/abd1340m/Dokumente/c++/ros2_cpp_vis_ws/install/camera_publisher/share/camera_publisher/environment/ament_prefix_path.sh
-- Installing: /home/abd1340m/Dokumente/c++/ros2_cpp_vis_ws/install/camera_publisher/share/camera_publisher/environment/ament_prefix_path.dsv
-- Installing: /home/abd1340m/Dokumente/c++/ros2_cpp_vis_ws/install/camera_publisher/share/camera_publisher/environment/path.sh
-- Installing: /home/abd1340m/Dokumente/c++/ros2_cpp_vis_ws/install/camera_publisher/share/camera_publisher/environment/path.dsv
-- Installing: /home/abd1340m/Dokumente/c++/ros2_cpp_vis_ws/install/camera_publisher/share/camera_publisher/local_setup.bash
-- Installing: /home/abd1340m/Dokumente/c++/ros2_cpp_vis_ws/install/camera_publisher/share/camera_publisher/local_setup.sh
-- Installing: /home/abd1340m/Dokumente/c++/ros2_cpp_vis_ws/install/camera_publisher/share/camera_publisher/local_setup.zsh
-- Installing: /home/abd1340m/Dokumente/c++/ros2_cpp_vis_ws/install/camera_publisher/share/camera_publisher/local_setup.dsv
-- Installing: /home/abd1340m/Dokumente/c++/ros2_cpp_vis_ws/install/camera_publisher/share/camera_publisher/package.dsv
-- Installing: /home/abd1340m/Dokumente/c++/ros2_cpp_vis_ws/install/camera_publisher/share/ament_index/resource_index/packages/camera_publisher
-- Installing: /home/abd1340m/Dokumente/c++/ros2_cpp_vis_ws/install/camera_publisher/share/camera_publisher/cmake/camera_publisherConfig.cmake
-- Installing: /home/abd1340m/Dokumente/c++/ros2_cpp_vis_ws/install/camera_publisher/share/camera_publisher/cmake/camera_publisherConfig-version.cmake
-- Installing: /home/abd1340m/Dokumente/c++/ros2_cpp_vis_ws/install/camera_publisher/share/camera_publisher/package.xml
