[0.021s] Invoking command in '/home/abd1340m/Dokumente/c++/ros2_cpp_vis_ws/build/camera_publisher': CMAKE_PREFIX_PATH=${CMAKE_PREFIX_PATH}:/opt/ros/humble /usr/bin/cmake --build /home/abd1340m/Dokumente/c++/ros2_cpp_vis_ws/build/camera_publisher -- -j28 -l28
[0.059s] -- Found ament_cmake: 1.3.9 (/opt/ros/humble/share/ament_cmake/cmake)
[0.200s] -- Found rclcpp: 16.0.9 (/opt/ros/humble/share/rclcpp/cmake)
[0.232s] -- Found rosidl_generator_c: 3.1.5 (/opt/ros/humble/share/rosidl_generator_c/cmake)
[0.234s] -- Found rosidl_adapter: 3.1.5 (/opt/ros/humble/share/rosidl_adapter/cmake)
[0.238s] -- Found rosidl_generator_cpp: 3.1.5 (/opt/ros/humble/share/rosidl_generator_cpp/cmake)
[0.249s] -- Using all available rosidl_typesupport_c: rosidl_typesupport_fastrtps_c;rosidl_typesupport_introspection_c
[0.261s] -- Using all available rosidl_typesupport_cpp: rosidl_typesupport_fastrtps_cpp;rosidl_typesupport_introspection_cpp
[0.308s] -- Found rmw_implementation_cmake: 6.1.2 (/opt/ros/humble/share/rmw_implementation_cmake/cmake)
[0.309s] -- Found rmw_fastrtps_cpp: 6.2.6 (/opt/ros/humble/share/rmw_fastrtps_cpp/cmake)
[0.462s] -- Using RMW implementation 'rmw_fastrtps_cpp' as default
[0.595s] -- Found sensor_msgs: 4.2.4 (/opt/ros/humble/share/sensor_msgs/cmake)
[0.698s] -- Found cv_bridge: 3.2.1 (/opt/ros/humble/share/cv_bridge/cmake)
[0.712s] -- Found message_filters: 4.3.4 (/opt/ros/humble/share/message_filters/cmake)
[0.792s] -- Configuring done
[0.803s] -- Generating done
[0.804s] -- Build files have been written to: /home/abd1340m/Dokumente/c++/ros2_cpp_vis_ws/build/camera_publisher
[0.856s] [35m[1mConsolidate compiler generated dependencies of target camera_publisher[0m
[0.896s] [ 50%] [32m[1mLinking CXX executable camera_publisher[0m
[1.702s] [100%] Built target camera_publisher
[1.725s] Invoked command in '/home/abd1340m/Dokumente/c++/ros2_cpp_vis_ws/build/camera_publisher' returned '0': CMAKE_PREFIX_PATH=${CMAKE_PREFIX_PATH}:/opt/ros/humble /usr/bin/cmake --build /home/abd1340m/Dokumente/c++/ros2_cpp_vis_ws/build/camera_publisher -- -j28 -l28
[1.801s] Invoking command in '/home/abd1340m/Dokumente/c++/ros2_cpp_vis_ws/build/camera_publisher': CMAKE_PREFIX_PATH=${CMAKE_PREFIX_PATH}:/opt/ros/humble /usr/bin/cmake --install /home/abd1340m/Dokumente/c++/ros2_cpp_vis_ws/build/camera_publisher
[1.819s] -- Install configuration: ""
[1.819s] -- Installing: /home/abd1340m/Dokumente/c++/ros2_cpp_vis_ws/install/camera_publisher/lib/camera_publisher/camera_publisher
[1.826s] -- Set runtime path of "/home/abd1340m/Dokumente/c++/ros2_cpp_vis_ws/install/camera_publisher/lib/camera_publisher/camera_publisher" to ""
[1.826s] -- Installing: /home/abd1340m/Dokumente/c++/ros2_cpp_vis_ws/install/camera_publisher/share/ament_index/resource_index/package_run_dependencies/camera_publisher
[1.826s] -- Installing: /home/abd1340m/Dokumente/c++/ros2_cpp_vis_ws/install/camera_publisher/share/ament_index/resource_index/parent_prefix_path/camera_publisher
[1.827s] -- Installing: /home/abd1340m/Dokumente/c++/ros2_cpp_vis_ws/install/camera_publisher/share/camera_publisher/environment/ament_prefix_path.sh
[1.827s] -- Installing: /home/abd1340m/Dokumente/c++/ros2_cpp_vis_ws/install/camera_publisher/share/camera_publisher/environment/ament_prefix_path.dsv
[1.827s] -- Installing: /home/abd1340m/Dokumente/c++/ros2_cpp_vis_ws/install/camera_publisher/share/camera_publisher/environment/path.sh
[1.827s] -- Installing: /home/abd1340m/Dokumente/c++/ros2_cpp_vis_ws/install/camera_publisher/share/camera_publisher/environment/path.dsv
[1.828s] -- Installing: /home/abd1340m/Dokumente/c++/ros2_cpp_vis_ws/install/camera_publisher/share/camera_publisher/local_setup.bash
[1.828s] -- Installing: /home/abd1340m/Dokumente/c++/ros2_cpp_vis_ws/install/camera_publisher/share/camera_publisher/local_setup.sh
[1.828s] -- Installing: /home/abd1340m/Dokumente/c++/ros2_cpp_vis_ws/install/camera_publisher/share/camera_publisher/local_setup.zsh
[1.828s] -- Installing: /home/abd1340m/Dokumente/c++/ros2_cpp_vis_ws/install/camera_publisher/share/camera_publisher/local_setup.dsv
[1.829s] -- Installing: /home/abd1340m/Dokumente/c++/ros2_cpp_vis_ws/install/camera_publisher/share/camera_publisher/package.dsv
[1.829s] -- Installing: /home/abd1340m/Dokumente/c++/ros2_cpp_vis_ws/install/camera_publisher/share/ament_index/resource_index/packages/camera_publisher
[1.829s] -- Installing: /home/abd1340m/Dokumente/c++/ros2_cpp_vis_ws/install/camera_publisher/share/camera_publisher/cmake/camera_publisherConfig.cmake
[1.830s] -- Installing: /home/abd1340m/Dokumente/c++/ros2_cpp_vis_ws/install/camera_publisher/share/camera_publisher/cmake/camera_publisherConfig-version.cmake
[1.830s] -- Installing: /home/abd1340m/Dokumente/c++/ros2_cpp_vis_ws/install/camera_publisher/share/camera_publisher/package.xml
[1.834s] Invoked command in '/home/abd1340m/Dokumente/c++/ros2_cpp_vis_ws/build/camera_publisher' returned '0': CMAKE_PREFIX_PATH=${CMAKE_PREFIX_PATH}:/opt/ros/humble /usr/bin/cmake --install /home/abd1340m/Dokumente/c++/ros2_cpp_vis_ws/build/camera_publisher
