[0.013s] Invoking command in '/home/abd1340m/Dokumente/c++/ros2_cpp_vis_ws/build/camera_publisher': CMAKE_PREFIX_PATH=${CMAKE_PREFIX_PATH}:/opt/ros/humble /usr/bin/cmake --build /home/abd1340m/Dokumente/c++/ros2_cpp_vis_ws/build/camera_publisher -- -j28 -l28
[0.110s] [35m[1mConsolidate compiler generated dependencies of target camera_publisher[0m
[0.155s] [ 50%] [32mBuilding CXX object CMakeFiles/camera_publisher.dir/src/camera_publisher.cpp.o[0m
[14.967s] [100%] [32m[1mLinking CXX executable camera_publisher[0m
[16.087s] [100%] Built target camera_publisher
[16.105s] Invoked command in '/home/abd1340m/Dokumente/c++/ros2_cpp_vis_ws/build/camera_publisher' returned '0': CMAKE_PREFIX_PATH=${CMAKE_PREFIX_PATH}:/opt/ros/humble /usr/bin/cmake --build /home/abd1340m/Dokumente/c++/ros2_cpp_vis_ws/build/camera_publisher -- -j28 -l28
[16.183s] Invoking command in '/home/abd1340m/Dokumente/c++/ros2_cpp_vis_ws/build/camera_publisher': CMAKE_PREFIX_PATH=${CMAKE_PREFIX_PATH}:/opt/ros/humble /usr/bin/cmake --install /home/abd1340m/Dokumente/c++/ros2_cpp_vis_ws/build/camera_publisher
[16.196s] -- Install configuration: ""
[16.196s] -- Installing: /home/abd1340m/Dokumente/c++/ros2_cpp_vis_ws/install/camera_publisher/lib/camera_publisher/camera_publisher
[16.206s] -- Set runtime path of "/home/abd1340m/Dokumente/c++/ros2_cpp_vis_ws/install/camera_publisher/lib/camera_publisher/camera_publisher" to ""
[16.206s] -- Up-to-date: /home/abd1340m/Dokumente/c++/ros2_cpp_vis_ws/install/camera_publisher/share/ament_index/resource_index/package_run_dependencies/camera_publisher
[16.207s] -- Up-to-date: /home/abd1340m/Dokumente/c++/ros2_cpp_vis_ws/install/camera_publisher/share/ament_index/resource_index/parent_prefix_path/camera_publisher
[16.207s] -- Up-to-date: /home/abd1340m/Dokumente/c++/ros2_cpp_vis_ws/install/camera_publisher/share/camera_publisher/environment/ament_prefix_path.sh
[16.207s] -- Up-to-date: /home/abd1340m/Dokumente/c++/ros2_cpp_vis_ws/install/camera_publisher/share/camera_publisher/environment/ament_prefix_path.dsv
[16.207s] -- Up-to-date: /home/abd1340m/Dokumente/c++/ros2_cpp_vis_ws/install/camera_publisher/share/camera_publisher/environment/path.sh
[16.207s] -- Up-to-date: /home/abd1340m/Dokumente/c++/ros2_cpp_vis_ws/install/camera_publisher/share/camera_publisher/environment/path.dsv
[16.207s] -- Up-to-date: /home/abd1340m/Dokumente/c++/ros2_cpp_vis_ws/install/camera_publisher/share/camera_publisher/local_setup.bash
[16.208s] -- Up-to-date: /home/abd1340m/Dokumente/c++/ros2_cpp_vis_ws/install/camera_publisher/share/camera_publisher/local_setup.sh
[16.208s] -- Up-to-date: /home/abd1340m/Dokumente/c++/ros2_cpp_vis_ws/install/camera_publisher/share/camera_publisher/local_setup.zsh
[16.208s] -- Up-to-date: /home/abd1340m/Dokumente/c++/ros2_cpp_vis_ws/install/camera_publisher/share/camera_publisher/local_setup.dsv
[16.208s] -- Installing: /home/abd1340m/Dokumente/c++/ros2_cpp_vis_ws/install/camera_publisher/share/camera_publisher/package.dsv
[16.208s] -- Up-to-date: /home/abd1340m/Dokumente/c++/ros2_cpp_vis_ws/install/camera_publisher/share/ament_index/resource_index/packages/camera_publisher
[16.209s] -- Up-to-date: /home/abd1340m/Dokumente/c++/ros2_cpp_vis_ws/install/camera_publisher/share/camera_publisher/cmake/camera_publisherConfig.cmake
[16.210s] -- Up-to-date: /home/abd1340m/Dokumente/c++/ros2_cpp_vis_ws/install/camera_publisher/share/camera_publisher/cmake/camera_publisherConfig-version.cmake
[16.211s] -- Up-to-date: /home/abd1340m/Dokumente/c++/ros2_cpp_vis_ws/install/camera_publisher/share/camera_publisher/package.xml
[16.212s] Invoked command in '/home/abd1340m/Dokumente/c++/ros2_cpp_vis_ws/build/camera_publisher' returned '0': CMAKE_PREFIX_PATH=${CMAKE_PREFIX_PATH}:/opt/ros/humble /usr/bin/cmake --install /home/abd1340m/Dokumente/c++/ros2_cpp_vis_ws/build/camera_publisher
