[0.013s] Invoking command in '/home/abd1340m/Dokumente/c++/ros2_cpp_vis_ws/build/camera_publisher': CMAKE_PREFIX_PATH=${CMAKE_PREFIX_PATH}:/opt/ros/humble /usr/bin/cmake /home/abd1340m/Dokumente/c++/ros2_cpp_vis_ws/src/visualise_cpp -DCMAKE_INSTALL_PREFIX=/home/abd1340m/Dokumente/c++/ros2_cpp_vis_ws/install/camera_publisher
[0.120s] -- The C compiler identification is GNU 10.5.0
[0.198s] -- The CXX compiler identification is GNU 10.5.0
[0.214s] -- Detecting C compiler ABI info
[0.357s] -- Detecting C compiler ABI info - done
[0.379s] -- Check for working C compiler: /usr/bin/cc - skipped
[0.379s] -- Detecting C compile features
[0.379s] -- Detecting C compile features - done
[0.384s] -- Detecting CXX compiler ABI info
[0.536s] -- Detecting CXX compiler ABI info - done
[0.555s] -- Check for working CXX compiler: /usr/bin/c++ - skipped
[0.555s] -- Detecting CXX compile features
[0.555s] -- Detecting CXX compile features - done
[0.559s] -- Found ament_cmake: 1.3.9 (/opt/ros/humble/share/ament_cmake/cmake)
[1.000s] -- Found Python3: /usr/bin/python3 (found version "3.10.12") found components: Interpreter 
[1.099s] -- Found rclcpp: 16.0.9 (/opt/ros/humble/share/rclcpp/cmake)
[1.134s] -- Found rosidl_generator_c: 3.1.5 (/opt/ros/humble/share/rosidl_generator_c/cmake)
[1.138s] -- Found rosidl_adapter: 3.1.5 (/opt/ros/humble/share/rosidl_adapter/cmake)
[1.146s] -- Found rosidl_generator_cpp: 3.1.5 (/opt/ros/humble/share/rosidl_generator_cpp/cmake)
[1.157s] -- Using all available rosidl_typesupport_c: rosidl_typesupport_fastrtps_c;rosidl_typesupport_introspection_c
[1.173s] -- Using all available rosidl_typesupport_cpp: rosidl_typesupport_fastrtps_cpp;rosidl_typesupport_introspection_cpp
[1.228s] -- Found rmw_implementation_cmake: 6.1.2 (/opt/ros/humble/share/rmw_implementation_cmake/cmake)
[1.230s] -- Found rmw_fastrtps_cpp: 6.2.6 (/opt/ros/humble/share/rmw_fastrtps_cpp/cmake)
[1.381s] -- Found OpenSSL: /usr/lib/x86_64-linux-gnu/libcrypto.so (found version "3.0.2")  
[1.437s] -- Found FastRTPS: /opt/ros/humble/include  
[1.512s] -- Using RMW implementation 'rmw_fastrtps_cpp' as default
[1.520s] -- Looking for pthread.h
[1.665s] -- Looking for pthread.h - found
[1.666s] -- Performing Test CMAKE_HAVE_LIBC_PTHREAD
[1.812s] -- Performing Test CMAKE_HAVE_LIBC_PTHREAD - Success
[1.814s] -- Found Threads: TRUE  
[1.997s] -- Found sensor_msgs: 4.2.4 (/opt/ros/humble/share/sensor_msgs/cmake)
[2.104s] -- Found cv_bridge: 3.2.1 (/opt/ros/humble/share/cv_bridge/cmake)
[2.120s] -- Found OpenCV: /usr (found version "4.5.4") 
[2.123s] -- Found message_filters: 4.3.4 (/opt/ros/humble/share/message_filters/cmake)
[2.214s] -- Configuring done
[2.236s] -- Generating done
[2.239s] -- Build files have been written to: /home/abd1340m/Dokumente/c++/ros2_cpp_vis_ws/build/camera_publisher
[2.260s] Invoked command in '/home/abd1340m/Dokumente/c++/ros2_cpp_vis_ws/build/camera_publisher' returned '0': CMAKE_PREFIX_PATH=${CMAKE_PREFIX_PATH}:/opt/ros/humble /usr/bin/cmake /home/abd1340m/Dokumente/c++/ros2_cpp_vis_ws/src/visualise_cpp -DCMAKE_INSTALL_PREFIX=/home/abd1340m/Dokumente/c++/ros2_cpp_vis_ws/install/camera_publisher
[2.264s] Invoking command in '/home/abd1340m/Dokumente/c++/ros2_cpp_vis_ws/build/camera_publisher': CMAKE_PREFIX_PATH=${CMAKE_PREFIX_PATH}:/opt/ros/humble /usr/bin/cmake --build /home/abd1340m/Dokumente/c++/ros2_cpp_vis_ws/build/camera_publisher -- -j28 -l28
[2.363s] [ 50%] [32mBuilding CXX object CMakeFiles/camera_publisher.dir/src/camera_publisher.cpp.o[0m
[5.602s] [01m[K/home/abd1340m/Dokumente/c++/ros2_cpp_vis_ws/src/visualise_cpp/src/camera_publisher.cpp:[m[K In member function ‘[01m[Kvoid CameraPublisher::callback(sensor_msgs::msg::Image_<std::allocator<void> >::SharedPtr, sensor_msgs::msg::PointCloud2_<std::allocator<void> >::SharedPtr)[m[K’:
[5.602s] [01m[K/home/abd1340m/Dokumente/c++/ros2_cpp_vis_ws/src/visualise_cpp/src/camera_publisher.cpp:67:48:[m[K [01;31m[Kerror: [m[Kcannot convert ‘[01m[Kstd::vector<cv::Point3_<float> >[m[K’ to ‘[01m[Kconst SharedPtr&[m[K’ {aka ‘[01m[Kconst std::shared_ptr<sensor_msgs::msg::PointCloud2_<std::allocator<void> > >&[m[K’}
[5.602s]    67 |         auto intensities = extract_intensities([01;31m[Kpoints[m[K);
[5.602s]       |                                                [01;31m[K^~~~~~[m[K
[5.602s]       |                                                [01;31m[K|[m[K
[5.603s]       |                                                [01;31m[Kstd::vector<cv::Point3_<float> >[m[K
[5.603s] [01m[K/home/abd1340m/Dokumente/c++/ros2_cpp_vis_ws/src/visualise_cpp/src/camera_publisher.cpp:112:92:[m[K [01;36m[Knote: [m[K  initializing argument 1 of ‘[01m[Kstd::vector<float> CameraPublisher::extract_intensities(const SharedPtr&)[m[K’
[5.603s]   112 |     std::vector<float> extract_intensities([01;36m[Kconst sensor_msgs::msg::PointCloud2::SharedPtr &cloud_msg[m[K)
[5.603s]       |                                            [01;36m[K~~~~~~~~~~~~~~~~~~~~~~~~~~~~~~~~~~~~~~~~~~~~~~~~^~~~~~~~~[m[K
[5.609s] [01m[K/home/abd1340m/Dokumente/c++/ros2_cpp_vis_ws/src/visualise_cpp/src/camera_publisher.cpp:[m[K In member function ‘[01m[Kstd::vector<bool, std::allocator<bool> > CameraPublisher::filter_points_within_yaw(const std::vector<cv::Point3_<float> >&, float, float)[m[K’:
[5.609s] [01m[K/home/abd1340m/Dokumente/c++/ros2_cpp_vis_ws/src/visualise_cpp/src/camera_publisher.cpp:125:35:[m[K [01;31m[Kerror: [m[K‘[01m[Kdeg2rad[m[K’ is not a member of ‘[01m[Kcv[m[K’
[5.609s]   125 |         double yaw_left_rad = cv::[01;31m[Kdeg2rad[m[K(yaw_left);
[5.610s]       |                                   [01;31m[K^~~~~~~[m[K
[5.610s] [01m[K/home/abd1340m/Dokumente/c++/ros2_cpp_vis_ws/src/visualise_cpp/src/camera_publisher.cpp:126:36:[m[K [01;31m[Kerror: [m[K‘[01m[Kdeg2rad[m[K’ is not a member of ‘[01m[Kcv[m[K’
[5.610s]   126 |         double yaw_right_rad = cv::[01;31m[Kdeg2rad[m[K(yaw_right);
[5.611s]       |                                    [01;31m[K^~~~~~~[m[K
[5.613s] [01m[K/home/abd1340m/Dokumente/c++/ros2_cpp_vis_ws/src/visualise_cpp/src/camera_publisher.cpp:[m[K In member function ‘[01m[Kvoid CameraPublisher::visualize_points(cv::Mat&, const std::vector<cv::Point_<float> >&, const std::vector<float>&)[m[K’:
[5.613s] [01m[K/home/abd1340m/Dokumente/c++/ros2_cpp_vis_ws/src/visualise_cpp/src/camera_publisher.cpp:176:29:[m[K [01;31m[Kerror: [m[K‘[01m[Kcv::colormap[m[K’ has not been declared
[5.613s]   176 |         auto colormap = cv::[01;31m[Kcolormap[m[K::COLORMAP_RAINBOW;
[5.613s]       |                             [01;31m[K^~~~~~~~[m[K
[6.570s] In file included from [01m[K/opt/ros/humble/include/message_filters/message_filters/synchronizer.h:47[m[K,
[6.570s]                  from [01m[K/opt/ros/humble/include/message_filters/message_filters/time_synchronizer.h:41[m[K,
[6.571s]                  from [01m[K/home/abd1340m/Dokumente/c++/ros2_cpp_vis_ws/src/visualise_cpp/src/camera_publisher.cpp:10[m[K:
[6.571s] /opt/ros/humble/include/message_filters/message_filters/signal9.h: In instantiation of ‘[01m[Kmessage_filters::Connection message_filters::Signal9<M0, M1, M2, M3, M4, M5, M6, M7, M8>::addCallback(C&) [with C = const std::_Bind<void (CameraPublisher::*(CameraPublisher*, std::_Placeholder<1>, std::_Placeholder<2>))(std::shared_ptr<sensor_msgs::msg::Image_<std::allocator<void> > >, std::shared_ptr<sensor_msgs::msg::PointCloud2_<std::allocator<void> > >)>; M0 = sensor_msgs::msg::Image_<std::allocator<void> >; M1 = sensor_msgs::msg::PointCloud2_<std::allocator<void> >; M2 = message_filters::NullType; M3 = message_filters::NullType; M4 = message_filters::NullType; M5 = message_filters::NullType; M6 = message_filters::NullType; M7 = message_filters::NullType; M8 = message_filters::NullType][m[K’:
[6.571s] [01m[K/opt/ros/humble/include/message_filters/message_filters/synchronizer.h:298:31:[m[K   required from ‘[01m[Kmessage_filters::Connection message_filters::Synchronizer<Policy>::registerCallback(const C&) [with C = std::_Bind<void (CameraPublisher::*(CameraPublisher*, std::_Placeholder<1>, std::_Placeholder<2>))(std::shared_ptr<sensor_msgs::msg::Image_<std::allocator<void> > >, std::shared_ptr<sensor_msgs::msg::PointCloud2_<std::allocator<void> > >)>; Policy = message_filters::sync_policies::ExactTime<sensor_msgs::msg::Image_<std::allocator<void> >, sensor_msgs::msg::PointCloud2_<std::allocator<void> >, message_filters::NullType, message_filters::NullType, message_filters::NullType, message_filters::NullType, message_filters::NullType, message_filters::NullType, message_filters::NullType>][m[K’
[6.571s] [01m[K/home/abd1340m/Dokumente/c++/ros2_cpp_vis_ws/src/visualise_cpp/src/camera_publisher.cpp:41:84:[m[K   required from here
[6.572s] [01m[K/opt/ros/humble/include/message_filters/message_filters/signal9.h:280:40:[m[K [01;31m[Kerror: [m[Kno matching function for call to ‘[01m[Kmessage_filters::Signal9<sensor_msgs::msg::Image_<std::allocator<void> >, sensor_msgs::msg::PointCloud2_<std::allocator<void> >, message_filters::NullType, message_filters::NullType, message_filters::NullType, message_filters::NullType, message_filters::NullType, message_filters::NullType, message_filters::NullType>::addCallback<const M0ConstPtr&, const M1ConstPtr&, const M2ConstPtr&, const M3ConstPtr&, const M4ConstPtr&, const M5ConstPtr&, const M6ConstPtr&, const M7ConstPtr&, const M8ConstPtr&>(std::_Bind_helper<false, const std::_Bind<void (CameraPublisher::*(CameraPublisher*, std::_Placeholder<1>, std::_Placeholder<2>))(std::shared_ptr<sensor_msgs::msg::Image_<std::allocator<void> > >, std::shared_ptr<sensor_msgs::msg::PointCloud2_<std::allocator<void> > >)>&, const std::_Placeholder<1>&, const std::_Placeholder<2>&, const std::_Placeholder<3>&, const std::_Placeholder<4>&, const std::_Placeholder<5>&, const std::_Placeholder<6>&, const std::_Placeholder<7>&, const std::_Placeholder<8>&, const std::_Placeholder<9>&>::type)[m[K’
[6.572s]   272 |     return [01;31m[KaddCallback<const M0ConstPtr&,[m[K
[6.572s]       |            [01;31m[K~~~~~~~~~~~~~~~~~~~~~~~~~~~~~~[m[K
[6.572s]   273 | [01;31m[K                     const M1ConstPtr&,[m[K
[6.572s]       |                      [01;31m[K~~~~~~~~~~~~~~~~~~[m[K 
[6.572s]   274 | [01;31m[K                     const M2ConstPtr&,[m[K
[6.572s]       |                      [01;31m[K~~~~~~~~~~~~~~~~~~[m[K 
[6.572s]   275 | [01;31m[K                     const M3ConstPtr&,[m[K
[6.573s]       |                      [01;31m[K~~~~~~~~~~~~~~~~~~[m[K 
[6.573s]   276 | [01;31m[K                     const M4ConstPtr&,[m[K
[6.573s]       |                      [01;31m[K~~~~~~~~~~~~~~~~~~[m[K 
[6.573s]   277 | [01;31m[K                     const M5ConstPtr&,[m[K
[6.573s]       |                      [01;31m[K~~~~~~~~~~~~~~~~~~[m[K 
[6.573s]   278 | [01;31m[K                     const M6ConstPtr&,[m[K
[6.573s]       |                      [01;31m[K~~~~~~~~~~~~~~~~~~[m[K 
[6.574s]   279 | [01;31m[K                     const M7ConstPtr&,[m[K
[6.574s]       |                      [01;31m[K~~~~~~~~~~~~~~~~~~[m[K 
[6.574s]   280 | [01;31m[K                     const M8ConstPtr&>(std::bind(callback, std::placeholders::_1, std::placeholders::_2, std::placeholders::_3, std::placeholders::_4, std::placeholders::_5, std::placeholders::_6, std::placeholders::_7, std::placeholders::_8, std::placeholders::_9))[m[K;
[6.574s]       |                      [01;31m[K~~~~~~~~~~~~~~~~~~^~~~~~~~~~~~~~~~~~~~~~~~~~~~~~~~~~~~~~~~~~~~~~~~~~~~~~~~~~~~~~~~~~~~~~~~~~~~~~~~~~~~~~~~~~~~~~~~~~~~~~~~~~~~~~~~~~~~~~~~~~~~~~~~~~~~~~~~~~~~~~~~~~~~~~~~~~~~~~~~~~~~~~~~~~~~~~~~~~~~~~~~~~~~~~~~~~~~~~~~~~~~~~~~~~~~~~~~~~~~~~~~~~~~[m[K
[6.574s] In file included from [01m[K/opt/ros/humble/include/message_filters/message_filters/synchronizer.h:47[m[K,
[6.574s]                  from [01m[K/opt/ros/humble/include/message_filters/message_filters/time_synchronizer.h:41[m[K,
[6.575s]                  from [01m[K/home/abd1340m/Dokumente/c++/ros2_cpp_vis_ws/src/visualise_cpp/src/camera_publisher.cpp:10[m[K:
[6.575s] [01m[K/opt/ros/humble/include/message_filters/message_filters/signal9.h:170:14:[m[K [01;36m[Knote: [m[Kcandidate: ‘[01m[Kmessage_filters::Connection message_filters::Signal9<M0, M1, M2, M3, M4, M5, M6, M7, M8>::addCallback(const std::function<void(P0, P1, P2, P3, P4, P5, P6, P7, P8)>&) [with P0 = const std::shared_ptr<const sensor_msgs::msg::Image_<std::allocator<void> > >&; P1 = const std::shared_ptr<const sensor_msgs::msg::PointCloud2_<std::allocator<void> > >&; P2 = const std::shared_ptr<const message_filters::NullType>&; P3 = const std::shared_ptr<const message_filters::NullType>&; P4 = const std::shared_ptr<const message_filters::NullType>&; P5 = const std::shared_ptr<const message_filters::NullType>&; P6 = const std::shared_ptr<const message_filters::NullType>&; P7 = const std::shared_ptr<const message_filters::NullType>&; P8 = const std::shared_ptr<const message_filters::NullType>&; M0 = sensor_msgs::msg::Image_<std::allocator<void> >; M1 = sensor_msgs::msg::PointCloud2_<std::allocator<void> >; M2 = message_filters::NullType; M3 = message_filters::NullType; M4 = message_filters::NullType; M5 = message_filters::NullType; M6 = message_filters::NullType; M7 = message_filters::NullType; M8 = message_filters::NullType][m[K’
[6.575s]   170 |   Connection [01;36m[KaddCallback[m[K(const std::function<void(P0, P1, P2, P3, P4, P5, P6, P7, P8)>& callback)
[6.575s]       |              [01;36m[K^~~~~~~~~~~[m[K
[6.576s] [01m[K/opt/ros/humble/include/message_filters/message_filters/signal9.h:170:89:[m[K [01;36m[Knote: [m[K  no known conversion for argument 1 from ‘[01m[Kstd::_Bind_helper<false, const std::_Bind<void (CameraPublisher::*(CameraPublisher*, std::_Placeholder<1>, std::_Placeholder<2>))(std::shared_ptr<sensor_msgs::msg::Image_<std::allocator<void> > >, std::shared_ptr<sensor_msgs::msg::PointCloud2_<std::allocator<void> > >)>&, const std::_Placeholder<1>&, const std::_Placeholder<2>&, const std::_Placeholder<3>&, const std::_Placeholder<4>&, const std::_Placeholder<5>&, const std::_Placeholder<6>&, const std::_Placeholder<7>&, const std::_Placeholder<8>&, const std::_Placeholder<9>&>::type[m[K’ to ‘[01m[Kconst std::function<void(const std::shared_ptr<const sensor_msgs::msg::Image_<std::allocator<void> > >&, const std::shared_ptr<const sensor_msgs::msg::PointCloud2_<std::allocator<void> > >&, const std::shared_ptr<const message_filters::NullType>&, const std::shared_ptr<const message_filters::NullType>&, const std::shared_ptr<const message_filters::NullType>&, const std::shared_ptr<const message_filters::NullType>&, const std::shared_ptr<const message_filters::NullType>&, const std::shared_ptr<const message_filters::NullType>&, const std::shared_ptr<const message_filters::NullType>&)>&[m[K’
[6.576s]   170 |   Connection addCallback([01;36m[Kconst std::function<void(P0, P1, P2, P3, P4, P5, P6, P7, P8)>& callback[m[K)
[6.576s]       |                          [01;36m[K~~~~~~~~~~~~~~~~~~~~~~~~~~~~~~~~~~~~~~~~~~~~~~~~~~~~~~~~~~~~~~~^~~~~~~~[m[K
[6.576s] [01m[K/opt/ros/humble/include/message_filters/message_filters/signal9.h:180:14:[m[K [01;36m[Knote: [m[Kcandidate: ‘[01m[Ktemplate<class P0, class P1> message_filters::Connection message_filters::Signal9<M0, M1, M2, M3, M4, M5, M6, M7, M8>::addCallback(void (*)(P0, P1)) [with P0 = P0; P1 = P1; M0 = sensor_msgs::msg::Image_<std::allocator<void> >; M1 = sensor_msgs::msg::PointCloud2_<std::allocator<void> >; M2 = message_filters::NullType; M3 = message_filters::NullType; M4 = message_filters::NullType; M5 = message_filters::NullType; M6 = message_filters::NullType; M7 = message_filters::NullType; M8 = message_filters::NullType][m[K’
[6.577s]   180 |   Connection [01;36m[KaddCallback[m[K(void(*callback)(P0, P1))
[6.577s]       |              [01;36m[K^~~~~~~~~~~[m[K
[6.577s] [01m[K/opt/ros/humble/include/message_filters/message_filters/signal9.h:180:14:[m[K [01;36m[Knote: [m[K  template argument deduction/substitution failed:
[6.577s] In file included from [01m[K/opt/ros/humble/include/message_filters/message_filters/synchronizer.h:47[m[K,
[6.577s]                  from [01m[K/opt/ros/humble/include/message_filters/message_filters/time_synchronizer.h:41[m[K,
[6.578s]                  from [01m[K/home/abd1340m/Dokumente/c++/ros2_cpp_vis_ws/src/visualise_cpp/src/camera_publisher.cpp:10[m[K:
[6.578s] [01m[K/opt/ros/humble/include/message_filters/message_filters/signal9.h:280:40:[m[K [01;31m[Kerror: [m[Kwrong number of template arguments (9, should be 2)
[6.578s]   272 |     return [01;31m[KaddCallback<const M0ConstPtr&,[m[K
[6.578s]       |            [01;31m[K~~~~~~~~~~~~~~~~~~~~~~~~~~~~~~[m[K
[6.578s]   273 | [01;31m[K                     const M1ConstPtr&,[m[K
[6.578s]       |                      [01;31m[K~~~~~~~~~~~~~~~~~~[m[K 
[6.578s]   274 | [01;31m[K                     const M2ConstPtr&,[m[K
[6.579s]       |                      [01;31m[K~~~~~~~~~~~~~~~~~~[m[K 
[6.579s]   275 | [01;31m[K                     const M3ConstPtr&,[m[K
[6.579s]       |                      [01;31m[K~~~~~~~~~~~~~~~~~~[m[K 
[6.579s]   276 | [01;31m[K                     const M4ConstPtr&,[m[K
[6.579s]       |                      [01;31m[K~~~~~~~~~~~~~~~~~~[m[K 
[6.580s]   277 | [01;31m[K                     const M5ConstPtr&,[m[K
[6.580s]       |                      [01;31m[K~~~~~~~~~~~~~~~~~~[m[K 
[6.580s]   278 | [01;31m[K                     const M6ConstPtr&,[m[K
[6.580s]       |                      [01;31m[K~~~~~~~~~~~~~~~~~~[m[K 
[6.580s]   279 | [01;31m[K                     const M7ConstPtr&,[m[K
[6.580s]       |                      [01;31m[K~~~~~~~~~~~~~~~~~~[m[K 
[6.580s]   280 | [01;31m[K                     const M8ConstPtr&>(std::bind(callback, std::placeholders::_1, std::placeholders::_2, std::placeholders::_3, std::placeholders::_4, std::placeholders::_5, std::placeholders::_6, std::placeholders::_7, std::placeholders::_8, std::placeholders::_9))[m[K;
[6.581s]       |                      [01;31m[K~~~~~~~~~~~~~~~~~~^~~~~~~~~~~~~~~~~~~~~~~~~~~~~~~~~~~~~~~~~~~~~~~~~~~~~~~~~~~~~~~~~~~~~~~~~~~~~~~~~~~~~~~~~~~~~~~~~~~~~~~~~~~~~~~~~~~~~~~~~~~~~~~~~~~~~~~~~~~~~~~~~~~~~~~~~~~~~~~~~~~~~~~~~~~~~~~~~~~~~~~~~~~~~~~~~~~~~~~~~~~~~~~~~~~~~~~~~~~~~~~~~~~~[m[K
[6.581s] In file included from [01m[K/opt/ros/humble/include/message_filters/message_filters/synchronizer.h:47[m[K,
[6.581s]                  from [01m[K/opt/ros/humble/include/message_filters/message_filters/time_synchronizer.h:41[m[K,
[6.581s]                  from [01m[K/home/abd1340m/Dokumente/c++/ros2_cpp_vis_ws/src/visualise_cpp/src/camera_publisher.cpp:10[m[K:
[6.581s] [01m[K/opt/ros/humble/include/message_filters/message_filters/signal9.h:186:14:[m[K [01;36m[Knote: [m[Kcandidate: ‘[01m[Ktemplate<class P0, class P1, class P2> message_filters::Connection message_filters::Signal9<M0, M1, M2, M3, M4, M5, M6, M7, M8>::addCallback(void (*)(P0, P1, P2)) [with P0 = P0; P1 = P1; P2 = P2; M0 = sensor_msgs::msg::Image_<std::allocator<void> >; M1 = sensor_msgs::msg::PointCloud2_<std::allocator<void> >; M2 = message_filters::NullType; M3 = message_filters::NullType; M4 = message_filters::NullType; M5 = message_filters::NullType; M6 = message_filters::NullType; M7 = message_filters::NullType; M8 = message_filters::NullType][m[K’
[6.581s]   186 |   Connection [01;36m[KaddCallback[m[K(void(*callback)(P0, P1, P2))
[6.581s]       |              [01;36m[K^~~~~~~~~~~[m[K
[6.582s] [01m[K/opt/ros/humble/include/message_filters/message_filters/signal9.h:186:14:[m[K [01;36m[Knote: [m[K  template argument deduction/substitution failed:
[6.582s] In file included from [01m[K/opt/ros/humble/include/message_filters/message_filters/synchronizer.h:47[m[K,
[6.582s]                  from [01m[K/opt/ros/humble/include/message_filters/message_filters/time_synchronizer.h:41[m[K,
[6.582s]                  from [01m[K/home/abd1340m/Dokumente/c++/ros2_cpp_vis_ws/src/visualise_cpp/src/camera_publisher.cpp:10[m[K:
[6.582s] [01m[K/opt/ros/humble/include/message_filters/message_filters/signal9.h:280:40:[m[K [01;31m[Kerror: [m[Kwrong number of template arguments (9, should be 3)
[6.582s]   272 |     return [01;31m[KaddCallback<const M0ConstPtr&,[m[K
[6.582s]       |            [01;31m[K~~~~~~~~~~~~~~~~~~~~~~~~~~~~~~[m[K
[6.583s]   273 | [01;31m[K                     const M1ConstPtr&,[m[K
[6.583s]       |                      [01;31m[K~~~~~~~~~~~~~~~~~~[m[K 
[6.583s]   274 | [01;31m[K                     const M2ConstPtr&,[m[K
[6.583s]       |                      [01;31m[K~~~~~~~~~~~~~~~~~~[m[K 
[6.583s]   275 | [01;31m[K                     const M3ConstPtr&,[m[K
[6.583s]       |                      [01;31m[K~~~~~~~~~~~~~~~~~~[m[K 
[6.583s]   276 | [01;31m[K                     const M4ConstPtr&,[m[K
[6.584s]       |                      [01;31m[K~~~~~~~~~~~~~~~~~~[m[K 
[6.584s]   277 | [01;31m[K                     const M5ConstPtr&,[m[K
[6.584s]       |                      [01;31m[K~~~~~~~~~~~~~~~~~~[m[K 
[6.584s]   278 | [01;31m[K                     const M6ConstPtr&,[m[K
[6.584s]       |                      [01;31m[K~~~~~~~~~~~~~~~~~~[m[K 
[6.584s]   279 | [01;31m[K                     const M7ConstPtr&,[m[K
[6.584s]       |                      [01;31m[K~~~~~~~~~~~~~~~~~~[m[K 
[6.585s]   280 | [01;31m[K                     const M8ConstPtr&>(std::bind(callback, std::placeholders::_1, std::placeholders::_2, std::placeholders::_3, std::placeholders::_4, std::placeholders::_5, std::placeholders::_6, std::placeholders::_7, std::placeholders::_8, std::placeholders::_9))[m[K;
[6.585s]       |                      [01;31m[K~~~~~~~~~~~~~~~~~~^~~~~~~~~~~~~~~~~~~~~~~~~~~~~~~~~~~~~~~~~~~~~~~~~~~~~~~~~~~~~~~~~~~~~~~~~~~~~~~~~~~~~~~~~~~~~~~~~~~~~~~~~~~~~~~~~~~~~~~~~~~~~~~~~~~~~~~~~~~~~~~~~~~~~~~~~~~~~~~~~~~~~~~~~~~~~~~~~~~~~~~~~~~~~~~~~~~~~~~~~~~~~~~~~~~~~~~~~~~~~~~~~~~~[m[K
[6.585s] In file included from [01m[K/opt/ros/humble/include/message_filters/message_filters/synchronizer.h:47[m[K,
[6.585s]                  from [01m[K/opt/ros/humble/include/message_filters/message_filters/time_synchronizer.h:41[m[K,
[6.585s]                  from [01m[K/home/abd1340m/Dokumente/c++/ros2_cpp_vis_ws/src/visualise_cpp/src/camera_publisher.cpp:10[m[K:
[6.585s] [01m[K/opt/ros/humble/include/message_filters/message_filters/signal9.h:192:14:[m[K [01;36m[Knote: [m[Kcandidate: ‘[01m[Ktemplate<class P0, class P1, class P2, class P3> message_filters::Connection message_filters::Signal9<M0, M1, M2, M3, M4, M5, M6, M7, M8>::addCallback(void (*)(P0, P1, P2, P3)) [with P0 = P0; P1 = P1; P2 = P2; P3 = P3; M0 = sensor_msgs::msg::Image_<std::allocator<void> >; M1 = sensor_msgs::msg::PointCloud2_<std::allocator<void> >; M2 = message_filters::NullType; M3 = message_filters::NullType; M4 = message_filters::NullType; M5 = message_filters::NullType; M6 = message_filters::NullType; M7 = message_filters::NullType; M8 = message_filters::NullType][m[K’
[6.585s]   192 |   Connection [01;36m[KaddCallback[m[K(void(*callback)(P0, P1, P2, P3))
[6.586s]       |              [01;36m[K^~~~~~~~~~~[m[K
[6.586s] [01m[K/opt/ros/humble/include/message_filters/message_filters/signal9.h:192:14:[m[K [01;36m[Knote: [m[K  template argument deduction/substitution failed:
[6.586s] In file included from [01m[K/opt/ros/humble/include/message_filters/message_filters/synchronizer.h:47[m[K,
[6.586s]                  from [01m[K/opt/ros/humble/include/message_filters/message_filters/time_synchronizer.h:41[m[K,
[6.586s]                  from [01m[K/home/abd1340m/Dokumente/c++/ros2_cpp_vis_ws/src/visualise_cpp/src/camera_publisher.cpp:10[m[K:
[6.586s] [01m[K/opt/ros/humble/include/message_filters/message_filters/signal9.h:280:40:[m[K [01;31m[Kerror: [m[Kwrong number of template arguments (9, should be 4)
[6.586s]   272 |     return [01;31m[KaddCallback<const M0ConstPtr&,[m[K
[6.586s]       |            [01;31m[K~~~~~~~~~~~~~~~~~~~~~~~~~~~~~~[m[K
[6.587s]   273 | [01;31m[K                     const M1ConstPtr&,[m[K
[6.587s]       |                      [01;31m[K~~~~~~~~~~~~~~~~~~[m[K 
[6.587s]   274 | [01;31m[K                     const M2ConstPtr&,[m[K
[6.587s]       |                      [01;31m[K~~~~~~~~~~~~~~~~~~[m[K 
[6.587s]   275 | [01;31m[K                     const M3ConstPtr&,[m[K
[6.587s]       |                      [01;31m[K~~~~~~~~~~~~~~~~~~[m[K 
[6.587s]   276 | [01;31m[K                     const M4ConstPtr&,[m[K
[6.588s]       |                      [01;31m[K~~~~~~~~~~~~~~~~~~[m[K 
[6.588s]   277 | [01;31m[K                     const M5ConstPtr&,[m[K
[6.588s]       |                      [01;31m[K~~~~~~~~~~~~~~~~~~[m[K 
[6.588s]   278 | [01;31m[K                     const M6ConstPtr&,[m[K
[6.588s]       |                      [01;31m[K~~~~~~~~~~~~~~~~~~[m[K 
[6.588s]   279 | [01;31m[K                     const M7ConstPtr&,[m[K
[6.588s]       |                      [01;31m[K~~~~~~~~~~~~~~~~~~[m[K 
[6.589s]   280 | [01;31m[K                     const M8ConstPtr&>(std::bind(callback, std::placeholders::_1, std::placeholders::_2, std::placeholders::_3, std::placeholders::_4, std::placeholders::_5, std::placeholders::_6, std::placeholders::_7, std::placeholders::_8, std::placeholders::_9))[m[K;
[6.589s]       |                      [01;31m[K~~~~~~~~~~~~~~~~~~^~~~~~~~~~~~~~~~~~~~~~~~~~~~~~~~~~~~~~~~~~~~~~~~~~~~~~~~~~~~~~~~~~~~~~~~~~~~~~~~~~~~~~~~~~~~~~~~~~~~~~~~~~~~~~~~~~~~~~~~~~~~~~~~~~~~~~~~~~~~~~~~~~~~~~~~~~~~~~~~~~~~~~~~~~~~~~~~~~~~~~~~~~~~~~~~~~~~~~~~~~~~~~~~~~~~~~~~~~~~~~~~~~~~[m[K
[6.589s] In file included from [01m[K/opt/ros/humble/include/message_filters/message_filters/synchronizer.h:47[m[K,
[6.589s]                  from [01m[K/opt/ros/humble/include/message_filters/message_filters/time_synchronizer.h:41[m[K,
[6.589s]                  from [01m[K/home/abd1340m/Dokumente/c++/ros2_cpp_vis_ws/src/visualise_cpp/src/camera_publisher.cpp:10[m[K:
[6.589s] [01m[K/opt/ros/humble/include/message_filters/message_filters/signal9.h:198:14:[m[K [01;36m[Knote: [m[Kcandidate: ‘[01m[Ktemplate<class P0, class P1, class P2, class P3, class P4> message_filters::Connection message_filters::Signal9<M0, M1, M2, M3, M4, M5, M6, M7, M8>::addCallback(void (*)(P0, P1, P2, P3, P4)) [with P0 = P0; P1 = P1; P2 = P2; P3 = P3; P4 = P4; M0 = sensor_msgs::msg::Image_<std::allocator<void> >; M1 = sensor_msgs::msg::PointCloud2_<std::allocator<void> >; M2 = message_filters::NullType; M3 = message_filters::NullType; M4 = message_filters::NullType; M5 = message_filters::NullType; M6 = message_filters::NullType; M7 = message_filters::NullType; M8 = message_filters::NullType][m[K’
[6.589s]   198 |   Connection [01;36m[KaddCallback[m[K(void(*callback)(P0, P1, P2, P3, P4))
[6.590s]       |              [01;36m[K^~~~~~~~~~~[m[K
[6.590s] [01m[K/opt/ros/humble/include/message_filters/message_filters/signal9.h:198:14:[m[K [01;36m[Knote: [m[K  template argument deduction/substitution failed:
[6.590s] In file included from [01m[K/opt/ros/humble/include/message_filters/message_filters/synchronizer.h:47[m[K,
[6.590s]                  from [01m[K/opt/ros/humble/include/message_filters/message_filters/time_synchronizer.h:41[m[K,
[6.590s]                  from [01m[K/home/abd1340m/Dokumente/c++/ros2_cpp_vis_ws/src/visualise_cpp/src/camera_publisher.cpp:10[m[K:
[6.590s] [01m[K/opt/ros/humble/include/message_filters/message_filters/signal9.h:280:40:[m[K [01;31m[Kerror: [m[Kwrong number of template arguments (9, should be 5)
[6.590s]   272 |     return [01;31m[KaddCallback<const M0ConstPtr&,[m[K
[6.590s]       |            [01;31m[K~~~~~~~~~~~~~~~~~~~~~~~~~~~~~~[m[K
[6.590s]   273 | [01;31m[K                     const M1ConstPtr&,[m[K
[6.590s]       |                      [01;31m[K~~~~~~~~~~~~~~~~~~[m[K 
[6.591s]   274 | [01;31m[K                     const M2ConstPtr&,[m[K
[6.591s]       |                      [01;31m[K~~~~~~~~~~~~~~~~~~[m[K 
[6.591s]   275 | [01;31m[K                     const M3ConstPtr&,[m[K
[6.591s]       |                      [01;31m[K~~~~~~~~~~~~~~~~~~[m[K 
[6.591s]   276 | [01;31m[K                     const M4ConstPtr&,[m[K
[6.591s]       |                      [01;31m[K~~~~~~~~~~~~~~~~~~[m[K 
[6.591s]   277 | [01;31m[K                     const M5ConstPtr&,[m[K
[6.591s]       |                      [01;31m[K~~~~~~~~~~~~~~~~~~[m[K 
[6.591s]   278 | [01;31m[K                     const M6ConstPtr&,[m[K
[6.591s]       |                      [01;31m[K~~~~~~~~~~~~~~~~~~[m[K 
[6.591s]   279 | [01;31m[K                     const M7ConstPtr&,[m[K
[6.592s]       |                      [01;31m[K~~~~~~~~~~~~~~~~~~[m[K 
[6.592s]   280 | [01;31m[K                     const M8ConstPtr&>(std::bind(callback, std::placeholders::_1, std::placeholders::_2, std::placeholders::_3, std::placeholders::_4, std::placeholders::_5, std::placeholders::_6, std::placeholders::_7, std::placeholders::_8, std::placeholders::_9))[m[K;
[6.592s]       |                      [01;31m[K~~~~~~~~~~~~~~~~~~^~~~~~~~~~~~~~~~~~~~~~~~~~~~~~~~~~~~~~~~~~~~~~~~~~~~~~~~~~~~~~~~~~~~~~~~~~~~~~~~~~~~~~~~~~~~~~~~~~~~~~~~~~~~~~~~~~~~~~~~~~~~~~~~~~~~~~~~~~~~~~~~~~~~~~~~~~~~~~~~~~~~~~~~~~~~~~~~~~~~~~~~~~~~~~~~~~~~~~~~~~~~~~~~~~~~~~~~~~~~~~~~~~~~[m[K
[6.592s] In file included from [01m[K/opt/ros/humble/include/message_filters/message_filters/synchronizer.h:47[m[K,
[6.592s]                  from [01m[K/opt/ros/humble/include/message_filters/message_filters/time_synchronizer.h:41[m[K,
[6.592s]                  from [01m[K/home/abd1340m/Dokumente/c++/ros2_cpp_vis_ws/src/visualise_cpp/src/camera_publisher.cpp:10[m[K:
[6.592s] [01m[K/opt/ros/humble/include/message_filters/message_filters/signal9.h:204:14:[m[K [01;36m[Knote: [m[Kcandidate: ‘[01m[Ktemplate<class P0, class P1, class P2, class P3, class P4, class P5> message_filters::Connection message_filters::Signal9<M0, M1, M2, M3, M4, M5, M6, M7, M8>::addCallback(void (*)(P0, P1, P2, P3, P4, P5)) [with P0 = P0; P1 = P1; P2 = P2; P3 = P3; P4 = P4; P5 = P5; M0 = sensor_msgs::msg::Image_<std::allocator<void> >; M1 = sensor_msgs::msg::PointCloud2_<std::allocator<void> >; M2 = message_filters::NullType; M3 = message_filters::NullType; M4 = message_filters::NullType; M5 = message_filters::NullType; M6 = message_filters::NullType; M7 = message_filters::NullType; M8 = message_filters::NullType][m[K’
[6.592s]   204 |   Connection [01;36m[KaddCallback[m[K(void(*callback)(P0, P1, P2, P3, P4, P5))
[6.592s]       |              [01;36m[K^~~~~~~~~~~[m[K
[6.592s] [01m[K/opt/ros/humble/include/message_filters/message_filters/signal9.h:204:14:[m[K [01;36m[Knote: [m[K  template argument deduction/substitution failed:
[6.592s] In file included from [01m[K/opt/ros/humble/include/message_filters/message_filters/synchronizer.h:47[m[K,
[6.593s]                  from [01m[K/opt/ros/humble/include/message_filters/message_filters/time_synchronizer.h:41[m[K,
[6.593s]                  from [01m[K/home/abd1340m/Dokumente/c++/ros2_cpp_vis_ws/src/visualise_cpp/src/camera_publisher.cpp:10[m[K:
[6.593s] [01m[K/opt/ros/humble/include/message_filters/message_filters/signal9.h:280:40:[m[K [01;31m[Kerror: [m[Kwrong number of template arguments (9, should be 6)
[6.593s]   272 |     return [01;31m[KaddCallback<const M0ConstPtr&,[m[K
[6.593s]       |            [01;31m[K~~~~~~~~~~~~~~~~~~~~~~~~~~~~~~[m[K
[6.593s]   273 | [01;31m[K                     const M1ConstPtr&,[m[K
[6.593s]       |                      [01;31m[K~~~~~~~~~~~~~~~~~~[m[K 
[6.593s]   274 | [01;31m[K                     const M2ConstPtr&,[m[K
[6.593s]       |                      [01;31m[K~~~~~~~~~~~~~~~~~~[m[K 
[6.593s]   275 | [01;31m[K                     const M3ConstPtr&,[m[K
[6.593s]       |                      [01;31m[K~~~~~~~~~~~~~~~~~~[m[K 
[6.593s]   276 | [01;31m[K                     const M4ConstPtr&,[m[K
[6.594s]       |                      [01;31m[K~~~~~~~~~~~~~~~~~~[m[K 
[6.594s]   277 | [01;31m[K                     const M5ConstPtr&,[m[K
[6.594s]       |                      [01;31m[K~~~~~~~~~~~~~~~~~~[m[K 
[6.594s]   278 | [01;31m[K                     const M6ConstPtr&,[m[K
[6.594s]       |                      [01;31m[K~~~~~~~~~~~~~~~~~~[m[K 
[6.594s]   279 | [01;31m[K                     const M7ConstPtr&,[m[K
[6.594s]       |                      [01;31m[K~~~~~~~~~~~~~~~~~~[m[K 
[6.594s]   280 | [01;31m[K                     const M8ConstPtr&>(std::bind(callback, std::placeholders::_1, std::placeholders::_2, std::placeholders::_3, std::placeholders::_4, std::placeholders::_5, std::placeholders::_6, std::placeholders::_7, std::placeholders::_8, std::placeholders::_9))[m[K;
[6.594s]       |                      [01;31m[K~~~~~~~~~~~~~~~~~~^~~~~~~~~~~~~~~~~~~~~~~~~~~~~~~~~~~~~~~~~~~~~~~~~~~~~~~~~~~~~~~~~~~~~~~~~~~~~~~~~~~~~~~~~~~~~~~~~~~~~~~~~~~~~~~~~~~~~~~~~~~~~~~~~~~~~~~~~~~~~~~~~~~~~~~~~~~~~~~~~~~~~~~~~~~~~~~~~~~~~~~~~~~~~~~~~~~~~~~~~~~~~~~~~~~~~~~~~~~~~~~~~~~~[m[K
[6.594s] In file included from [01m[K/opt/ros/humble/include/message_filters/message_filters/synchronizer.h:47[m[K,
[6.594s]                  from [01m[K/opt/ros/humble/include/message_filters/message_filters/time_synchronizer.h:41[m[K,
[6.594s]                  from [01m[K/home/abd1340m/Dokumente/c++/ros2_cpp_vis_ws/src/visualise_cpp/src/camera_publisher.cpp:10[m[K:
[6.595s] [01m[K/opt/ros/humble/include/message_filters/message_filters/signal9.h:210:14:[m[K [01;36m[Knote: [m[Kcandidate: ‘[01m[Ktemplate<class P0, class P1, class P2, class P3, class P4, class P5, class P6> message_filters::Connection message_filters::Signal9<M0, M1, M2, M3, M4, M5, M6, M7, M8>::addCallback(void (*)(P0, P1, P2, P3, P4, P5, P6)) [with P0 = P0; P1 = P1; P2 = P2; P3 = P3; P4 = P4; P5 = P5; P6 = P6; M0 = sensor_msgs::msg::Image_<std::allocator<void> >; M1 = sensor_msgs::msg::PointCloud2_<std::allocator<void> >; M2 = message_filters::NullType; M3 = message_filters::NullType; M4 = message_filters::NullType; M5 = message_filters::NullType; M6 = message_filters::NullType; M7 = message_filters::NullType; M8 = message_filters::NullType][m[K’
[6.595s]   210 |   Connection [01;36m[KaddCallback[m[K(void(*callback)(P0, P1, P2, P3, P4, P5, P6))
[6.595s]       |              [01;36m[K^~~~~~~~~~~[m[K
[6.595s] [01m[K/opt/ros/humble/include/message_filters/message_filters/signal9.h:210:14:[m[K [01;36m[Knote: [m[K  template argument deduction/substitution failed:
[6.595s] In file included from [01m[K/opt/ros/humble/include/message_filters/message_filters/synchronizer.h:47[m[K,
[6.595s]                  from [01m[K/opt/ros/humble/include/message_filters/message_filters/time_synchronizer.h:41[m[K,
[6.595s]                  from [01m[K/home/abd1340m/Dokumente/c++/ros2_cpp_vis_ws/src/visualise_cpp/src/camera_publisher.cpp:10[m[K:
[6.595s] [01m[K/opt/ros/humble/include/message_filters/message_filters/signal9.h:280:40:[m[K [01;31m[Kerror: [m[Kwrong number of template arguments (9, should be 7)
[6.595s]   272 |     return [01;31m[KaddCallback<const M0ConstPtr&,[m[K
[6.595s]       |            [01;31m[K~~~~~~~~~~~~~~~~~~~~~~~~~~~~~~[m[K
[6.595s]   273 | [01;31m[K                     const M1ConstPtr&,[m[K
[6.596s]       |                      [01;31m[K~~~~~~~~~~~~~~~~~~[m[K 
[6.596s]   274 | [01;31m[K                     const M2ConstPtr&,[m[K
[6.596s]       |                      [01;31m[K~~~~~~~~~~~~~~~~~~[m[K 
[6.596s]   275 | [01;31m[K                     const M3ConstPtr&,[m[K
[6.596s]       |                      [01;31m[K~~~~~~~~~~~~~~~~~~[m[K 
[6.596s]   276 | [01;31m[K                     const M4ConstPtr&,[m[K
[6.596s]       |                      [01;31m[K~~~~~~~~~~~~~~~~~~[m[K 
[6.596s]   277 | [01;31m[K                     const M5ConstPtr&,[m[K
[6.596s]       |                      [01;31m[K~~~~~~~~~~~~~~~~~~[m[K 
[6.596s]   278 | [01;31m[K                     const M6ConstPtr&,[m[K
[6.596s]       |                      [01;31m[K~~~~~~~~~~~~~~~~~~[m[K 
[6.596s]   279 | [01;31m[K                     const M7ConstPtr&,[m[K
[6.597s]       |                      [01;31m[K~~~~~~~~~~~~~~~~~~[m[K 
[6.597s]   280 | [01;31m[K                     const M8ConstPtr&>(std::bind(callback, std::placeholders::_1, std::placeholders::_2, std::placeholders::_3, std::placeholders::_4, std::placeholders::_5, std::placeholders::_6, std::placeholders::_7, std::placeholders::_8, std::placeholders::_9))[m[K;
[6.597s]       |                      [01;31m[K~~~~~~~~~~~~~~~~~~^~~~~~~~~~~~~~~~~~~~~~~~~~~~~~~~~~~~~~~~~~~~~~~~~~~~~~~~~~~~~~~~~~~~~~~~~~~~~~~~~~~~~~~~~~~~~~~~~~~~~~~~~~~~~~~~~~~~~~~~~~~~~~~~~~~~~~~~~~~~~~~~~~~~~~~~~~~~~~~~~~~~~~~~~~~~~~~~~~~~~~~~~~~~~~~~~~~~~~~~~~~~~~~~~~~~~~~~~~~~~~~~~~~~[m[K
[6.597s] [01m[K/opt/ros/humble/include/message_filters/message_filters/signal9.h:216:14:[m[K [01;36m[Knote: [m[Kcandidate: ‘[01m[Ktemplate<class P0, class P1, class P2, class P3, class P4, class P5, class P6, class P7> message_filters::Connection message_filters::Signal9<M0, M1, M2, M3, M4, M5, M6, M7, M8>::addCallback(void (*)(P0, P1, P2, P3, P4, P5, P6, P7)) [with P0 = P0; P1 = P1; P2 = P2; P3 = P3; P4 = P4; P5 = P5; P6 = P6; P7 = P7; M0 = sensor_msgs::msg::Image_<std::allocator<void> >; M1 = sensor_msgs::msg::PointCloud2_<std::allocator<void> >; M2 = message_filters::NullType; M3 = message_filters::NullType; M4 = message_filters::NullType; M5 = message_filters::NullType; M6 = message_filters::NullType; M7 = message_filters::NullType; M8 = message_filters::NullType][m[K’
[6.597s]   216 |   Connection [01;36m[KaddCallback[m[K(void(*callback)(P0, P1, P2, P3, P4, P5, P6, P7))
[6.597s]       |              [01;36m[K^~~~~~~~~~~[m[K
[6.597s] [01m[K/opt/ros/humble/include/message_filters/message_filters/signal9.h:216:14:[m[K [01;36m[Knote: [m[K  template argument deduction/substitution failed:
[6.597s] [01m[K/opt/ros/humble/include/message_filters/message_filters/signal9.h:280:40:[m[K [01;31m[Kerror: [m[Kwrong number of template arguments (9, should be 8)
[6.597s]   272 |     return [01;31m[KaddCallback<const M0ConstPtr&,[m[K
[6.597s]       |            [01;31m[K~~~~~~~~~~~~~~~~~~~~~~~~~~~~~~[m[K
[6.597s]   273 | [01;31m[K                     const M1ConstPtr&,[m[K
[6.598s]       |                      [01;31m[K~~~~~~~~~~~~~~~~~~[m[K 
[6.598s]   274 | [01;31m[K                     const M2ConstPtr&,[m[K
[6.598s]       |                      [01;31m[K~~~~~~~~~~~~~~~~~~[m[K 
[6.598s]   275 | [01;31m[K                     const M3ConstPtr&,[m[K
[6.598s]       |                      [01;31m[K~~~~~~~~~~~~~~~~~~[m[K 
[6.598s]   276 | [01;31m[K                     const M4ConstPtr&,[m[K
[6.598s]       |                      [01;31m[K~~~~~~~~~~~~~~~~~~[m[K 
[6.598s]   277 | [01;31m[K                     const M5ConstPtr&,[m[K
[6.598s]       |                      [01;31m[K~~~~~~~~~~~~~~~~~~[m[K 
[6.598s]   278 | [01;31m[K                     const M6ConstPtr&,[m[K
[6.598s]       |                      [01;31m[K~~~~~~~~~~~~~~~~~~[m[K 
[6.598s]   279 | [01;31m[K                     const M7ConstPtr&,[m[K
[6.599s]       |                      [01;31m[K~~~~~~~~~~~~~~~~~~[m[K 
[6.599s]   280 | [01;31m[K                     const M8ConstPtr&>(std::bind(callback, std::placeholders::_1, std::placeholders::_2, std::placeholders::_3, std::placeholders::_4, std::placeholders::_5, std::placeholders::_6, std::placeholders::_7, std::placeholders::_8, std::placeholders::_9))[m[K;
[6.599s]       |                      [01;31m[K~~~~~~~~~~~~~~~~~~^~~~~~~~~~~~~~~~~~~~~~~~~~~~~~~~~~~~~~~~~~~~~~~~~~~~~~~~~~~~~~~~~~~~~~~~~~~~~~~~~~~~~~~~~~~~~~~~~~~~~~~~~~~~~~~~~~~~~~~~~~~~~~~~~~~~~~~~~~~~~~~~~~~~~~~~~~~~~~~~~~~~~~~~~~~~~~~~~~~~~~~~~~~~~~~~~~~~~~~~~~~~~~~~~~~~~~~~~~~~~~~~~~~~[m[K
[6.599s] [01m[K/opt/ros/humble/include/message_filters/message_filters/signal9.h:222:14:[m[K [01;36m[Knote: [m[Kcandidate: ‘[01m[Kmessage_filters::Connection message_filters::Signal9<M0, M1, M2, M3, M4, M5, M6, M7, M8>::addCallback(void (*)(P0, P1, P2, P3, P4, P5, P6, P7, P8)) [with P0 = const std::shared_ptr<const sensor_msgs::msg::Image_<std::allocator<void> > >&; P1 = const std::shared_ptr<const sensor_msgs::msg::PointCloud2_<std::allocator<void> > >&; P2 = const std::shared_ptr<const message_filters::NullType>&; P3 = const std::shared_ptr<const message_filters::NullType>&; P4 = const std::shared_ptr<const message_filters::NullType>&; P5 = const std::shared_ptr<const message_filters::NullType>&; P6 = const std::shared_ptr<const message_filters::NullType>&; P7 = const std::shared_ptr<const message_filters::NullType>&; P8 = const std::shared_ptr<const message_filters::NullType>&; M0 = sensor_msgs::msg::Image_<std::allocator<void> >; M1 = sensor_msgs::msg::PointCloud2_<std::allocator<void> >; M2 = message_filters::NullType; M3 = message_filters::NullType; M4 = message_filters::NullType; M5 = message_filters::NullType; M6 = message_filters::NullType; M7 = message_filters::NullType; M8 = message_filters::NullType][m[K’
[6.599s]   222 |   Connection [01;36m[KaddCallback[m[K(void(*callback)(P0, P1, P2, P3, P4, P5, P6, P7, P8))
[6.599s]       |              [01;36m[K^~~~~~~~~~~[m[K
[6.599s] [01m[K/opt/ros/humble/include/message_filters/message_filters/signal9.h:222:32:[m[K [01;36m[Knote: [m[K  no known conversion for argument 1 from ‘[01m[Kstd::_Bind_helper<false, const std::_Bind<void (CameraPublisher::*(CameraPublisher*, std::_Placeholder<1>, std::_Placeholder<2>))(std::shared_ptr<sensor_msgs::msg::Image_<std::allocator<void> > >, std::shared_ptr<sensor_msgs::msg::PointCloud2_<std::allocator<void> > >)>&, const std::_Placeholder<1>&, const std::_Placeholder<2>&, const std::_Placeholder<3>&, const std::_Placeholder<4>&, const std::_Placeholder<5>&, const std::_Placeholder<6>&, const std::_Placeholder<7>&, const std::_Placeholder<8>&, const std::_Placeholder<9>&>::type[m[K’ to ‘[01m[Kvoid (*)(const std::shared_ptr<const sensor_msgs::msg::Image_<std::allocator<void> > >&, const std::shared_ptr<const sensor_msgs::msg::PointCloud2_<std::allocator<void> > >&, const std::shared_ptr<const message_filters::NullType>&, const std::shared_ptr<const message_filters::NullType>&, const std::shared_ptr<const message_filters::NullType>&, const std::shared_ptr<const message_filters::NullType>&, const std::shared_ptr<const message_filters::NullType>&, const std::shared_ptr<const message_filters::NullType>&, const std::shared_ptr<const message_filters::NullType>&)[m[K’
[6.599s]   222 |   Connection addCallback([01;36m[Kvoid(*callback)(P0, P1, P2, P3, P4, P5, P6, P7, P8)[m[K)
[6.599s]       |                          [01;36m[K~~~~~~^~~~~~~~~~~~~~~~~~~~~~~~~~~~~~~~~~~~~~~~~~~~~[m[K
[6.599s] [01m[K/opt/ros/humble/include/message_filters/message_filters/signal9.h:228:14:[m[K [01;36m[Knote: [m[Kcandidate: ‘[01m[Ktemplate<class T, class P0, class P1> message_filters::Connection message_filters::Signal9<M0, M1, M2, M3, M4, M5, M6, M7, M8>::addCallback(void (T::*)(P0, P1), T*) [with T = T; P0 = P0; P1 = P1; M0 = sensor_msgs::msg::Image_<std::allocator<void> >; M1 = sensor_msgs::msg::PointCloud2_<std::allocator<void> >; M2 = message_filters::NullType; M3 = message_filters::NullType; M4 = message_filters::NullType; M5 = message_filters::NullType; M6 = message_filters::NullType; M7 = message_filters::NullType; M8 = message_filters::NullType][m[K’
[6.599s]   228 |   Connection [01;36m[KaddCallback[m[K(void(T::*callback)(P0, P1), T* t)
[6.600s]       |              [01;36m[K^~~~~~~~~~~[m[K
[6.600s] [01m[K/opt/ros/humble/include/message_filters/message_filters/signal9.h:228:14:[m[K [01;36m[Knote: [m[K  template argument deduction/substitution failed:
[6.600s] [01m[K/opt/ros/humble/include/message_filters/message_filters/signal9.h:280:40:[m[K [01;31m[Kerror: [m[Kwrong number of template arguments (9, should be 3)
[6.600s]   272 |     return [01;31m[KaddCallback<const M0ConstPtr&,[m[K
[6.600s]       |            [01;31m[K~~~~~~~~~~~~~~~~~~~~~~~~~~~~~~[m[K
[6.600s]   273 | [01;31m[K                     const M1ConstPtr&,[m[K
[6.600s]       |                      [01;31m[K~~~~~~~~~~~~~~~~~~[m[K 
[6.600s]   274 | [01;31m[K                     const M2ConstPtr&,[m[K
[6.600s]       |                      [01;31m[K~~~~~~~~~~~~~~~~~~[m[K 
[6.600s]   275 | [01;31m[K                     const M3ConstPtr&,[m[K
[6.600s]       |                      [01;31m[K~~~~~~~~~~~~~~~~~~[m[K 
[6.600s]   276 | [01;31m[K                     const M4ConstPtr&,[m[K
[6.601s]       |                      [01;31m[K~~~~~~~~~~~~~~~~~~[m[K 
[6.601s]   277 | [01;31m[K                     const M5ConstPtr&,[m[K
[6.601s]       |                      [01;31m[K~~~~~~~~~~~~~~~~~~[m[K 
[6.601s]   278 | [01;31m[K                     const M6ConstPtr&,[m[K
[6.601s]       |                      [01;31m[K~~~~~~~~~~~~~~~~~~[m[K 
[6.601s]   279 | [01;31m[K                     const M7ConstPtr&,[m[K
[6.601s]       |                      [01;31m[K~~~~~~~~~~~~~~~~~~[m[K 
[6.601s]   280 | [01;31m[K                     const M8ConstPtr&>(std::bind(callback, std::placeholders::_1, std::placeholders::_2, std::placeholders::_3, std::placeholders::_4, std::placeholders::_5, std::placeholders::_6, std::placeholders::_7, std::placeholders::_8, std::placeholders::_9))[m[K;
[6.601s]       |                      [01;31m[K~~~~~~~~~~~~~~~~~~^~~~~~~~~~~~~~~~~~~~~~~~~~~~~~~~~~~~~~~~~~~~~~~~~~~~~~~~~~~~~~~~~~~~~~~~~~~~~~~~~~~~~~~~~~~~~~~~~~~~~~~~~~~~~~~~~~~~~~~~~~~~~~~~~~~~~~~~~~~~~~~~~~~~~~~~~~~~~~~~~~~~~~~~~~~~~~~~~~~~~~~~~~~~~~~~~~~~~~~~~~~~~~~~~~~~~~~~~~~~~~~~~~~~[m[K
[6.601s] [01m[K/opt/ros/humble/include/message_filters/message_filters/signal9.h:234:14:[m[K [01;36m[Knote: [m[Kcandidate: ‘[01m[Ktemplate<class T, class P0, class P1, class P2> message_filters::Connection message_filters::Signal9<M0, M1, M2, M3, M4, M5, M6, M7, M8>::addCallback(void (T::*)(P0, P1, P2), T*) [with T = T; P0 = P0; P1 = P1; P2 = P2; M0 = sensor_msgs::msg::Image_<std::allocator<void> >; M1 = sensor_msgs::msg::PointCloud2_<std::allocator<void> >; M2 = message_filters::NullType; M3 = message_filters::NullType; M4 = message_filters::NullType; M5 = message_filters::NullType; M6 = message_filters::NullType; M7 = message_filters::NullType; M8 = message_filters::NullType][m[K’
[6.601s]   234 |   Connection [01;36m[KaddCallback[m[K(void(T::*callback)(P0, P1, P2), T* t)
[6.601s]       |              [01;36m[K^~~~~~~~~~~[m[K
[6.601s] [01m[K/opt/ros/humble/include/message_filters/message_filters/signal9.h:234:14:[m[K [01;36m[Knote: [m[K  template argument deduction/substitution failed:
[6.601s] [01m[K/opt/ros/humble/include/message_filters/message_filters/signal9.h:280:40:[m[K [01;31m[Kerror: [m[Kwrong number of template arguments (9, should be 4)
[6.601s]   272 |     return [01;31m[KaddCallback<const M0ConstPtr&,[m[K
[6.601s]       |            [01;31m[K~~~~~~~~~~~~~~~~~~~~~~~~~~~~~~[m[K
[6.601s]   273 | [01;31m[K                     const M1ConstPtr&,[m[K
[6.601s]       |                      [01;31m[K~~~~~~~~~~~~~~~~~~[m[K 
[6.602s]   274 | [01;31m[K                     const M2ConstPtr&,[m[K
[6.602s]       |                      [01;31m[K~~~~~~~~~~~~~~~~~~[m[K 
[6.602s]   275 | [01;31m[K                     const M3ConstPtr&,[m[K
[6.602s]       |                      [01;31m[K~~~~~~~~~~~~~~~~~~[m[K 
[6.602s]   276 | [01;31m[K                     const M4ConstPtr&,[m[K
[6.602s]       |                      [01;31m[K~~~~~~~~~~~~~~~~~~[m[K 
[6.602s]   277 | [01;31m[K                     const M5ConstPtr&,[m[K
[6.602s]       |                      [01;31m[K~~~~~~~~~~~~~~~~~~[m[K 
[6.602s]   278 | [01;31m[K                     const M6ConstPtr&,[m[K
[6.602s]       |                      [01;31m[K~~~~~~~~~~~~~~~~~~[m[K 
[6.602s]   279 | [01;31m[K                     const M7ConstPtr&,[m[K
[6.602s]       |                      [01;31m[K~~~~~~~~~~~~~~~~~~[m[K 
[6.602s]   280 | [01;31m[K                     const M8ConstPtr&>(std::bind(callback, std::placeholders::_1, std::placeholders::_2, std::placeholders::_3, std::placeholders::_4, std::placeholders::_5, std::placeholders::_6, std::placeholders::_7, std::placeholders::_8, std::placeholders::_9))[m[K;
[6.602s]       |                      [01;31m[K~~~~~~~~~~~~~~~~~~^~~~~~~~~~~~~~~~~~~~~~~~~~~~~~~~~~~~~~~~~~~~~~~~~~~~~~~~~~~~~~~~~~~~~~~~~~~~~~~~~~~~~~~~~~~~~~~~~~~~~~~~~~~~~~~~~~~~~~~~~~~~~~~~~~~~~~~~~~~~~~~~~~~~~~~~~~~~~~~~~~~~~~~~~~~~~~~~~~~~~~~~~~~~~~~~~~~~~~~~~~~~~~~~~~~~~~~~~~~~~~~~~~~~[m[K
[6.602s] [01m[K/opt/ros/humble/include/message_filters/message_filters/signal9.h:240:14:[m[K [01;36m[Knote: [m[Kcandidate: ‘[01m[Ktemplate<class T, class P0, class P1, class P2, class P3> message_filters::Connection message_filters::Signal9<M0, M1, M2, M3, M4, M5, M6, M7, M8>::addCallback(void (T::*)(P0, P1, P2, P3), T*) [with T = T; P0 = P0; P1 = P1; P2 = P2; P3 = P3; M0 = sensor_msgs::msg::Image_<std::allocator<void> >; M1 = sensor_msgs::msg::PointCloud2_<std::allocator<void> >; M2 = message_filters::NullType; M3 = message_filters::NullType; M4 = message_filters::NullType; M5 = message_filters::NullType; M6 = message_filters::NullType; M7 = message_filters::NullType; M8 = message_filters::NullType][m[K’
[6.602s]   240 |   Connection [01;36m[KaddCallback[m[K(void(T::*callback)(P0, P1, P2, P3), T* t)
[6.602s]       |              [01;36m[K^~~~~~~~~~~[m[K
[6.602s] [01m[K/opt/ros/humble/include/message_filters/message_filters/signal9.h:240:14:[m[K [01;36m[Knote: [m[K  template argument deduction/substitution failed:
[6.603s] [01m[K/opt/ros/humble/include/message_filters/message_filters/signal9.h:280:40:[m[K [01;31m[Kerror: [m[Kwrong number of template arguments (9, should be 5)
[6.603s]   272 |     return [01;31m[KaddCallback<const M0ConstPtr&,[m[K
[6.603s]       |            [01;31m[K~~~~~~~~~~~~~~~~~~~~~~~~~~~~~~[m[K
[6.603s]   273 | [01;31m[K                     const M1ConstPtr&,[m[K
[6.603s]       |                      [01;31m[K~~~~~~~~~~~~~~~~~~[m[K 
[6.603s]   274 | [01;31m[K                     const M2ConstPtr&,[m[K
[6.603s]       |                      [01;31m[K~~~~~~~~~~~~~~~~~~[m[K 
[6.603s]   275 | [01;31m[K                     const M3ConstPtr&,[m[K
[6.603s]       |                      [01;31m[K~~~~~~~~~~~~~~~~~~[m[K 
[6.603s]   276 | [01;31m[K                     const M4ConstPtr&,[m[K
[6.603s]       |                      [01;31m[K~~~~~~~~~~~~~~~~~~[m[K 
[6.603s]   277 | [01;31m[K                     const M5ConstPtr&,[m[K
[6.603s]       |                      [01;31m[K~~~~~~~~~~~~~~~~~~[m[K 
[6.603s]   278 | [01;31m[K                     const M6ConstPtr&,[m[K
[6.603s]       |                      [01;31m[K~~~~~~~~~~~~~~~~~~[m[K 
[6.603s]   279 | [01;31m[K                     const M7ConstPtr&,[m[K
[6.603s]       |                      [01;31m[K~~~~~~~~~~~~~~~~~~[m[K 
[6.603s]   280 | [01;31m[K                     const M8ConstPtr&>(std::bind(callback, std::placeholders::_1, std::placeholders::_2, std::placeholders::_3, std::placeholders::_4, std::placeholders::_5, std::placeholders::_6, std::placeholders::_7, std::placeholders::_8, std::placeholders::_9))[m[K;
[6.604s]       |                      [01;31m[K~~~~~~~~~~~~~~~~~~^~~~~~~~~~~~~~~~~~~~~~~~~~~~~~~~~~~~~~~~~~~~~~~~~~~~~~~~~~~~~~~~~~~~~~~~~~~~~~~~~~~~~~~~~~~~~~~~~~~~~~~~~~~~~~~~~~~~~~~~~~~~~~~~~~~~~~~~~~~~~~~~~~~~~~~~~~~~~~~~~~~~~~~~~~~~~~~~~~~~~~~~~~~~~~~~~~~~~~~~~~~~~~~~~~~~~~~~~~~~~~~~~~~~[m[K
[6.604s] [01m[K/opt/ros/humble/include/message_filters/message_filters/signal9.h:246:14:[m[K [01;36m[Knote: [m[Kcandidate: ‘[01m[Ktemplate<class T, class P0, class P1, class P2, class P3, class P4> message_filters::Connection message_filters::Signal9<M0, M1, M2, M3, M4, M5, M6, M7, M8>::addCallback(void (T::*)(P0, P1, P2, P3, P4), T*) [with T = T; P0 = P0; P1 = P1; P2 = P2; P3 = P3; P4 = P4; M0 = sensor_msgs::msg::Image_<std::allocator<void> >; M1 = sensor_msgs::msg::PointCloud2_<std::allocator<void> >; M2 = message_filters::NullType; M3 = message_filters::NullType; M4 = message_filters::NullType; M5 = message_filters::NullType; M6 = message_filters::NullType; M7 = message_filters::NullType; M8 = message_filters::NullType][m[K’
[6.604s]   246 |   Connection [01;36m[KaddCallback[m[K(void(T::*callback)(P0, P1, P2, P3, P4), T* t)
[6.604s]       |              [01;36m[K^~~~~~~~~~~[m[K
[6.604s] [01m[K/opt/ros/humble/include/message_filters/message_filters/signal9.h:246:14:[m[K [01;36m[Knote: [m[K  template argument deduction/substitution failed:
[6.604s] [01m[K/opt/ros/humble/include/message_filters/message_filters/signal9.h:280:40:[m[K [01;31m[Kerror: [m[Kwrong number of template arguments (9, should be 6)
[6.604s]   272 |     return [01;31m[KaddCallback<const M0ConstPtr&,[m[K
[6.604s]       |            [01;31m[K~~~~~~~~~~~~~~~~~~~~~~~~~~~~~~[m[K
[6.604s]   273 | [01;31m[K                     const M1ConstPtr&,[m[K
[6.604s]       |                      [01;31m[K~~~~~~~~~~~~~~~~~~[m[K 
[6.604s]   274 | [01;31m[K                     const M2ConstPtr&,[m[K
[6.604s]       |                      [01;31m[K~~~~~~~~~~~~~~~~~~[m[K 
[6.604s]   275 | [01;31m[K                     const M3ConstPtr&,[m[K
[6.604s]       |                      [01;31m[K~~~~~~~~~~~~~~~~~~[m[K 
[6.604s]   276 | [01;31m[K                     const M4ConstPtr&,[m[K
[6.604s]       |                      [01;31m[K~~~~~~~~~~~~~~~~~~[m[K 
[6.604s]   277 | [01;31m[K                     const M5ConstPtr&,[m[K
[6.604s]       |                      [01;31m[K~~~~~~~~~~~~~~~~~~[m[K 
[6.605s]   278 | [01;31m[K                     const M6ConstPtr&,[m[K
[6.605s]       |                      [01;31m[K~~~~~~~~~~~~~~~~~~[m[K 
[6.605s]   279 | [01;31m[K                     const M7ConstPtr&,[m[K
[6.605s]       |                      [01;31m[K~~~~~~~~~~~~~~~~~~[m[K 
[6.605s]   280 | [01;31m[K                     const M8ConstPtr&>(std::bind(callback, std::placeholders::_1, std::placeholders::_2, std::placeholders::_3, std::placeholders::_4, std::placeholders::_5, std::placeholders::_6, std::placeholders::_7, std::placeholders::_8, std::placeholders::_9))[m[K;
[6.605s]       |                      [01;31m[K~~~~~~~~~~~~~~~~~~^~~~~~~~~~~~~~~~~~~~~~~~~~~~~~~~~~~~~~~~~~~~~~~~~~~~~~~~~~~~~~~~~~~~~~~~~~~~~~~~~~~~~~~~~~~~~~~~~~~~~~~~~~~~~~~~~~~~~~~~~~~~~~~~~~~~~~~~~~~~~~~~~~~~~~~~~~~~~~~~~~~~~~~~~~~~~~~~~~~~~~~~~~~~~~~~~~~~~~~~~~~~~~~~~~~~~~~~~~~~~~~~~~~~[m[K
[6.605s] [01m[K/opt/ros/humble/include/message_filters/message_filters/signal9.h:252:14:[m[K [01;36m[Knote: [m[Kcandidate: ‘[01m[Ktemplate<class T, class P0, class P1, class P2, class P3, class P4, class P5> message_filters::Connection message_filters::Signal9<M0, M1, M2, M3, M4, M5, M6, M7, M8>::addCallback(void (T::*)(P0, P1, P2, P3, P4, P5), T*) [with T = T; P0 = P0; P1 = P1; P2 = P2; P3 = P3; P4 = P4; P5 = P5; M0 = sensor_msgs::msg::Image_<std::allocator<void> >; M1 = sensor_msgs::msg::PointCloud2_<std::allocator<void> >; M2 = message_filters::NullType; M3 = message_filters::NullType; M4 = message_filters::NullType; M5 = message_filters::NullType; M6 = message_filters::NullType; M7 = message_filters::NullType; M8 = message_filters::NullType][m[K’
[6.605s]   252 |   Connection [01;36m[KaddCallback[m[K(void(T::*callback)(P0, P1, P2, P3, P4, P5), T* t)
[6.605s]       |              [01;36m[K^~~~~~~~~~~[m[K
[6.605s] [01m[K/opt/ros/humble/include/message_filters/message_filters/signal9.h:252:14:[m[K [01;36m[Knote: [m[K  template argument deduction/substitution failed:
[6.605s] [01m[K/opt/ros/humble/include/message_filters/message_filters/signal9.h:280:40:[m[K [01;31m[Kerror: [m[Kwrong number of template arguments (9, should be 7)
[6.605s]   272 |     return [01;31m[KaddCallback<const M0ConstPtr&,[m[K
[6.605s]       |            [01;31m[K~~~~~~~~~~~~~~~~~~~~~~~~~~~~~~[m[K
[6.605s]   273 | [01;31m[K                     const M1ConstPtr&,[m[K
[6.605s]       |                      [01;31m[K~~~~~~~~~~~~~~~~~~[m[K 
[6.605s]   274 | [01;31m[K                     const M2ConstPtr&,[m[K
[6.605s]       |                      [01;31m[K~~~~~~~~~~~~~~~~~~[m[K 
[6.606s]   275 | [01;31m[K                     const M3ConstPtr&,[m[K
[6.606s]       |                      [01;31m[K~~~~~~~~~~~~~~~~~~[m[K 
[6.606s]   276 | [01;31m[K                     const M4ConstPtr&,[m[K
[6.606s]       |                      [01;31m[K~~~~~~~~~~~~~~~~~~[m[K 
[6.606s]   277 | [01;31m[K                     const M5ConstPtr&,[m[K
[6.606s]       |                      [01;31m[K~~~~~~~~~~~~~~~~~~[m[K 
[6.606s]   278 | [01;31m[K                     const M6ConstPtr&,[m[K
[6.606s]       |                      [01;31m[K~~~~~~~~~~~~~~~~~~[m[K 
[6.606s]   279 | [01;31m[K                     const M7ConstPtr&,[m[K
[6.606s]       |                      [01;31m[K~~~~~~~~~~~~~~~~~~[m[K 
[6.606s]   280 | [01;31m[K                     const M8ConstPtr&>(std::bind(callback, std::placeholders::_1, std::placeholders::_2, std::placeholders::_3, std::placeholders::_4, std::placeholders::_5, std::placeholders::_6, std::placeholders::_7, std::placeholders::_8, std::placeholders::_9))[m[K;
[6.606s]       |                      [01;31m[K~~~~~~~~~~~~~~~~~~^~~~~~~~~~~~~~~~~~~~~~~~~~~~~~~~~~~~~~~~~~~~~~~~~~~~~~~~~~~~~~~~~~~~~~~~~~~~~~~~~~~~~~~~~~~~~~~~~~~~~~~~~~~~~~~~~~~~~~~~~~~~~~~~~~~~~~~~~~~~~~~~~~~~~~~~~~~~~~~~~~~~~~~~~~~~~~~~~~~~~~~~~~~~~~~~~~~~~~~~~~~~~~~~~~~~~~~~~~~~~~~~~~~~[m[K
[6.606s] [01m[K/opt/ros/humble/include/message_filters/message_filters/signal9.h:258:14:[m[K [01;36m[Knote: [m[Kcandidate: ‘[01m[Ktemplate<class T, class P0, class P1, class P2, class P3, class P4, class P5, class P6> message_filters::Connection message_filters::Signal9<M0, M1, M2, M3, M4, M5, M6, M7, M8>::addCallback(void (T::*)(P0, P1, P2, P3, P4, P5, P6), T*) [with T = T; P0 = P0; P1 = P1; P2 = P2; P3 = P3; P4 = P4; P5 = P5; P6 = P6; M0 = sensor_msgs::msg::Image_<std::allocator<void> >; M1 = sensor_msgs::msg::PointCloud2_<std::allocator<void> >; M2 = message_filters::NullType; M3 = message_filters::NullType; M4 = message_filters::NullType; M5 = message_filters::NullType; M6 = message_filters::NullType; M7 = message_filters::NullType; M8 = message_filters::NullType][m[K’
[6.606s]   258 |   Connection [01;36m[KaddCallback[m[K(void(T::*callback)(P0, P1, P2, P3, P4, P5, P6), T* t)
[6.606s]       |              [01;36m[K^~~~~~~~~~~[m[K
[6.606s] [01m[K/opt/ros/humble/include/message_filters/message_filters/signal9.h:258:14:[m[K [01;36m[Knote: [m[K  template argument deduction/substitution failed:
[6.606s] [01m[K/opt/ros/humble/include/message_filters/message_filters/signal9.h:280:40:[m[K [01;31m[Kerror: [m[Kwrong number of template arguments (9, should be 8)
[6.606s]   272 |     return [01;31m[KaddCallback<const M0ConstPtr&,[m[K
[6.607s]       |            [01;31m[K~~~~~~~~~~~~~~~~~~~~~~~~~~~~~~[m[K
[6.607s]   273 | [01;31m[K                     const M1ConstPtr&,[m[K
[6.607s]       |                      [01;31m[K~~~~~~~~~~~~~~~~~~[m[K 
[6.607s]   274 | [01;31m[K                     const M2ConstPtr&,[m[K
[6.607s]       |                      [01;31m[K~~~~~~~~~~~~~~~~~~[m[K 
[6.607s]   275 | [01;31m[K                     const M3ConstPtr&,[m[K
[6.607s]       |                      [01;31m[K~~~~~~~~~~~~~~~~~~[m[K 
[6.607s]   276 | [01;31m[K                     const M4ConstPtr&,[m[K
[6.607s]       |                      [01;31m[K~~~~~~~~~~~~~~~~~~[m[K 
[6.607s]   277 | [01;31m[K                     const M5ConstPtr&,[m[K
[6.607s]       |                      [01;31m[K~~~~~~~~~~~~~~~~~~[m[K 
[6.607s]   278 | [01;31m[K                     const M6ConstPtr&,[m[K
[6.607s]       |                      [01;31m[K~~~~~~~~~~~~~~~~~~[m[K 
[6.607s]   279 | [01;31m[K                     const M7ConstPtr&,[m[K
[6.607s]       |                      [01;31m[K~~~~~~~~~~~~~~~~~~[m[K 
[6.607s]   280 | [01;31m[K                     const M8ConstPtr&>(std::bind(callback, std::placeholders::_1, std::placeholders::_2, std::placeholders::_3, std::placeholders::_4, std::placeholders::_5, std::placeholders::_6, std::placeholders::_7, std::placeholders::_8, std::placeholders::_9))[m[K;
[6.607s]       |                      [01;31m[K~~~~~~~~~~~~~~~~~~^~~~~~~~~~~~~~~~~~~~~~~~~~~~~~~~~~~~~~~~~~~~~~~~~~~~~~~~~~~~~~~~~~~~~~~~~~~~~~~~~~~~~~~~~~~~~~~~~~~~~~~~~~~~~~~~~~~~~~~~~~~~~~~~~~~~~~~~~~~~~~~~~~~~~~~~~~~~~~~~~~~~~~~~~~~~~~~~~~~~~~~~~~~~~~~~~~~~~~~~~~~~~~~~~~~~~~~~~~~~~~~~~~~~[m[K
[6.607s] [01m[K/opt/ros/humble/include/message_filters/message_filters/signal9.h:264:14:[m[K [01;36m[Knote: [m[Kcandidate: ‘[01m[Ktemplate<class T, class P0, class P1, class P2, class P3, class P4, class P5, class P6, class P7> message_filters::Connection message_filters::Signal9<M0, M1, M2, M3, M4, M5, M6, M7, M8>::addCallback(void (T::*)(P0, P1, P2, P3, P4, P5, P6, P7), T*) [with T = T; P0 = P0; P1 = P1; P2 = P2; P3 = P3; P4 = P4; P5 = P5; P6 = P6; P7 = P7; M0 = sensor_msgs::msg::Image_<std::allocator<void> >; M1 = sensor_msgs::msg::PointCloud2_<std::allocator<void> >; M2 = message_filters::NullType; M3 = message_filters::NullType; M4 = message_filters::NullType; M5 = message_filters::NullType; M6 = message_filters::NullType; M7 = message_filters::NullType; M8 = message_filters::NullType][m[K’
[6.608s]   264 |   Connection [01;36m[KaddCallback[m[K(void(T::*callback)(P0, P1, P2, P3, P4, P5, P6, P7), T* t)
[6.608s]       |              [01;36m[K^~~~~~~~~~~[m[K
[6.608s] [01m[K/opt/ros/humble/include/message_filters/message_filters/signal9.h:264:14:[m[K [01;36m[Knote: [m[K  template argument deduction/substitution failed:
[6.608s] /opt/ros/humble/include/message_filters/message_filters/signal9.h: In substitution of ‘[01m[Ktemplate<class T, class P0, class P1, class P2, class P3, class P4, class P5, class P6, class P7> message_filters::Connection message_filters::Signal9<sensor_msgs::msg::Image_<std::allocator<void> >, sensor_msgs::msg::PointCloud2_<std::allocator<void> >, message_filters::NullType, message_filters::NullType, message_filters::NullType, message_filters::NullType, message_filters::NullType, message_filters::NullType, message_filters::NullType>::addCallback<T, P0, P1, P2, P3, P4, P5, P6, P7>(void (T::*)(P0, P1, P2, P3, P4, P5, P6, P7), T*) [with T = const std::shared_ptr<const sensor_msgs::msg::Image_<std::allocator<void> > >&; P0 = const std::shared_ptr<const sensor_msgs::msg::PointCloud2_<std::allocator<void> > >&; P1 = const std::shared_ptr<const message_filters::NullType>&; P2 = const std::shared_ptr<const message_filters::NullType>&; P3 = const std::shared_ptr<const message_filters::NullType>&; P4 = const std::shared_ptr<const message_filters::NullType>&; P5 = const std::shared_ptr<const message_filters::NullType>&; P6 = const std::shared_ptr<const message_filters::NullType>&; P7 = const std::shared_ptr<const message_filters::NullType>&][m[K’:
[6.608s] [01m[K/opt/ros/humble/include/message_filters/message_filters/signal9.h:280:40:[m[K   required from ‘[01m[Kmessage_filters::Connection message_filters::Signal9<M0, M1, M2, M3, M4, M5, M6, M7, M8>::addCallback(C&) [with C = const std::_Bind<void (CameraPublisher::*(CameraPublisher*, std::_Placeholder<1>, std::_Placeholder<2>))(std::shared_ptr<sensor_msgs::msg::Image_<std::allocator<void> > >, std::shared_ptr<sensor_msgs::msg::PointCloud2_<std::allocator<void> > >)>; M0 = sensor_msgs::msg::Image_<std::allocator<void> >; M1 = sensor_msgs::msg::PointCloud2_<std::allocator<void> >; M2 = message_filters::NullType; M3 = message_filters::NullType; M4 = message_filters::NullType; M5 = message_filters::NullType; M6 = message_filters::NullType; M7 = message_filters::NullType; M8 = message_filters::NullType][m[K’
[6.608s] [01m[K/opt/ros/humble/include/message_filters/message_filters/synchronizer.h:298:31:[m[K   required from ‘[01m[Kmessage_filters::Connection message_filters::Synchronizer<Policy>::registerCallback(const C&) [with C = std::_Bind<void (CameraPublisher::*(CameraPublisher*, std::_Placeholder<1>, std::_Placeholder<2>))(std::shared_ptr<sensor_msgs::msg::Image_<std::allocator<void> > >, std::shared_ptr<sensor_msgs::msg::PointCloud2_<std::allocator<void> > >)>; Policy = message_filters::sync_policies::ExactTime<sensor_msgs::msg::Image_<std::allocator<void> >, sensor_msgs::msg::PointCloud2_<std::allocator<void> >, message_filters::NullType, message_filters::NullType, message_filters::NullType, message_filters::NullType, message_filters::NullType, message_filters::NullType, message_filters::NullType>][m[K’
[6.608s] [01m[K/home/abd1340m/Dokumente/c++/ros2_cpp_vis_ws/src/visualise_cpp/src/camera_publisher.cpp:41:84:[m[K   required from here
[6.608s] [01m[K/opt/ros/humble/include/message_filters/message_filters/signal9.h:264:14:[m[K [01;31m[Kerror: [m[Kforming pointer to reference type ‘[01m[Kconst std::shared_ptr<const sensor_msgs::msg::Image_<std::allocator<void> > >&[m[K’
[6.608s] /opt/ros/humble/include/message_filters/message_filters/signal9.h: In instantiation of ‘[01m[Kmessage_filters::Connection message_filters::Signal9<M0, M1, M2, M3, M4, M5, M6, M7, M8>::addCallback(C&) [with C = const std::_Bind<void (CameraPublisher::*(CameraPublisher*, std::_Placeholder<1>, std::_Placeholder<2>))(std::shared_ptr<sensor_msgs::msg::Image_<std::allocator<void> > >, std::shared_ptr<sensor_msgs::msg::PointCloud2_<std::allocator<void> > >)>; M0 = sensor_msgs::msg::Image_<std::allocator<void> >; M1 = sensor_msgs::msg::PointCloud2_<std::allocator<void> >; M2 = message_filters::NullType; M3 = message_filters::NullType; M4 = message_filters::NullType; M5 = message_filters::NullType; M6 = message_filters::NullType; M7 = message_filters::NullType; M8 = message_filters::NullType][m[K’:
[6.608s] [01m[K/opt/ros/humble/include/message_filters/message_filters/synchronizer.h:298:31:[m[K   required from ‘[01m[Kmessage_filters::Connection message_filters::Synchronizer<Policy>::registerCallback(const C&) [with C = std::_Bind<void (CameraPublisher::*(CameraPublisher*, std::_Placeholder<1>, std::_Placeholder<2>))(std::shared_ptr<sensor_msgs::msg::Image_<std::allocator<void> > >, std::shared_ptr<sensor_msgs::msg::PointCloud2_<std::allocator<void> > >)>; Policy = message_filters::sync_policies::ExactTime<sensor_msgs::msg::Image_<std::allocator<void> >, sensor_msgs::msg::PointCloud2_<std::allocator<void> >, message_filters::NullType, message_filters::NullType, message_filters::NullType, message_filters::NullType, message_filters::NullType, message_filters::NullType, message_filters::NullType>][m[K’
[6.608s] [01m[K/home/abd1340m/Dokumente/c++/ros2_cpp_vis_ws/src/visualise_cpp/src/camera_publisher.cpp:41:84:[m[K   required from here
[6.608s] [01m[K/opt/ros/humble/include/message_filters/message_filters/signal9.h:270:14:[m[K [01;36m[Knote: [m[Kcandidate: ‘[01m[Ktemplate<class C> message_filters::Connection message_filters::Signal9<M0, M1, M2, M3, M4, M5, M6, M7, M8>::addCallback(C&) [with C = C; M0 = sensor_msgs::msg::Image_<std::allocator<void> >; M1 = sensor_msgs::msg::PointCloud2_<std::allocator<void> >; M2 = message_filters::NullType; M3 = message_filters::NullType; M4 = message_filters::NullType; M5 = message_filters::NullType; M6 = message_filters::NullType; M7 = message_filters::NullType; M8 = message_filters::NullType][m[K’
[6.608s]   270 |   Connection [01;36m[KaddCallback[m[K( C& callback)
[6.608s]       |              [01;36m[K^~~~~~~~~~~[m[K
[6.608s] [01m[K/opt/ros/humble/include/message_filters/message_filters/signal9.h:270:14:[m[K [01;36m[Knote: [m[K  template argument deduction/substitution failed:
[6.608s] [01m[K/opt/ros/humble/include/message_filters/message_filters/signal9.h:280:40:[m[K [01;31m[Kerror: [m[Kwrong number of template arguments (9, should be 1)
[6.608s]   272 |     return [01;31m[KaddCallback<const M0ConstPtr&,[m[K
[6.609s]       |            [01;31m[K~~~~~~~~~~~~~~~~~~~~~~~~~~~~~~[m[K
[6.609s]   273 | [01;31m[K                     const M1ConstPtr&,[m[K
[6.609s]       |                      [01;31m[K~~~~~~~~~~~~~~~~~~[m[K 
[6.609s]   274 | [01;31m[K                     const M2ConstPtr&,[m[K
[6.609s]       |                      [01;31m[K~~~~~~~~~~~~~~~~~~[m[K 
[6.609s]   275 | [01;31m[K                     const M3ConstPtr&,[m[K
[6.609s]       |                      [01;31m[K~~~~~~~~~~~~~~~~~~[m[K 
[6.609s]   276 | [01;31m[K                     const M4ConstPtr&,[m[K
[6.609s]       |                      [01;31m[K~~~~~~~~~~~~~~~~~~[m[K 
[6.609s]   277 | [01;31m[K                     const M5ConstPtr&,[m[K
[6.609s]       |                      [01;31m[K~~~~~~~~~~~~~~~~~~[m[K 
[6.609s]   278 | [01;31m[K                     const M6ConstPtr&,[m[K
[6.609s]       |                      [01;31m[K~~~~~~~~~~~~~~~~~~[m[K 
[6.609s]   279 | [01;31m[K                     const M7ConstPtr&,[m[K
[6.609s]       |                      [01;31m[K~~~~~~~~~~~~~~~~~~[m[K 
[6.609s]   280 | [01;31m[K                     const M8ConstPtr&>(std::bind(callback, std::placeholders::_1, std::placeholders::_2, std::placeholders::_3, std::placeholders::_4, std::placeholders::_5, std::placeholders::_6, std::placeholders::_7, std::placeholders::_8, std::placeholders::_9))[m[K;
[6.609s]       |                      [01;31m[K~~~~~~~~~~~~~~~~~~^~~~~~~~~~~~~~~~~~~~~~~~~~~~~~~~~~~~~~~~~~~~~~~~~~~~~~~~~~~~~~~~~~~~~~~~~~~~~~~~~~~~~~~~~~~~~~~~~~~~~~~~~~~~~~~~~~~~~~~~~~~~~~~~~~~~~~~~~~~~~~~~~~~~~~~~~~~~~~~~~~~~~~~~~~~~~~~~~~~~~~~~~~~~~~~~~~~~~~~~~~~~~~~~~~~~~~~~~~~~~~~~~~~~[m[K
[10.635s] gmake[2]: *** [CMakeFiles/camera_publisher.dir/build.make:76: CMakeFiles/camera_publisher.dir/src/camera_publisher.cpp.o] Error 1
[10.635s] gmake[1]: *** [CMakeFiles/Makefile2:137: CMakeFiles/camera_publisher.dir/all] Error 2
[10.636s] gmake: *** [Makefile:146: all] Error 2
[10.640s] Invoked command in '/home/abd1340m/Dokumente/c++/ros2_cpp_vis_ws/build/camera_publisher' returned '2': CMAKE_PREFIX_PATH=${CMAKE_PREFIX_PATH}:/opt/ros/humble /usr/bin/cmake --build /home/abd1340m/Dokumente/c++/ros2_cpp_vis_ws/build/camera_publisher -- -j28 -l28
