[0.100s] DEBUG:colcon:Command line arguments: ['/usr/bin/colcon', 'build']
[0.100s] DEBUG:colcon:Parsed command line arguments: Namespace(log_base=None, log_level=None, verb_name='build', build_base='build', install_base='install', merge_install=False, symlink_install=False, test_result_base=None, continue_on_error=False, executor='parallel', parallel_workers=28, event_handlers=None, ignore_user_meta=False, metas=['./colcon.meta'], base_paths=['.'], packages_ignore=None, packages_ignore_regex=None, paths=None, packages_up_to=None, packages_up_to_regex=None, packages_above=None, packages_above_and_dependencies=None, packages_above_depth=None, packages_select_by_dep=None, packages_skip_by_dep=None, packages_skip_up_to=None, packages_select_build_failed=False, packages_skip_build_finished=False, packages_select_test_failures=False, packages_skip_test_passed=False, packages_select=None, packages_skip=None, packages_select_regex=None, packages_skip_regex=None, packages_start=None, packages_end=None, allow_overriding=[], cmake_args=None, cmake_target=None, cmake_target_skip_unavailable=False, cmake_clean_cache=False, cmake_clean_first=False, cmake_force_configure=False, ament_cmake_args=None, catkin_cmake_args=None, catkin_skip_building_tests=False, verb_parser=<colcon_defaults.argument_parser.defaults.DefaultArgumentsDecorator object at 0x7fa774f41ff0>, verb_extension=<colcon_core.verb.build.BuildVerb object at 0x7fa774f43730>, main=<bound method BuildVerb.main of <colcon_core.verb.build.BuildVerb object at 0x7fa774f43730>>)
[0.136s] Level 1:colcon.colcon_core.package_discovery:discover_packages(colcon_meta) check parameters
[0.136s] Level 1:colcon.colcon_core.package_discovery:discover_packages(recursive) check parameters
[0.136s] Level 1:colcon.colcon_core.package_discovery:discover_packages(ignore) check parameters
[0.136s] Level 1:colcon.colcon_core.package_discovery:discover_packages(path) check parameters
[0.136s] Level 1:colcon.colcon_core.package_discovery:discover_packages(colcon_meta) discover
[0.136s] Level 1:colcon.colcon_core.package_discovery:discover_packages(recursive) discover
[0.136s] INFO:colcon.colcon_core.package_discovery:Crawling recursively for packages in '/home/abd1340m/Dokumente/c++/ros2_cpp_vis_ws'
[0.137s] Level 1:colcon.colcon_core.package_identification:_identify(.) by extensions ['ignore', 'ignore_ament_install']
[0.137s] Level 1:colcon.colcon_core.package_identification:_identify(.) by extension 'ignore'
[0.137s] Level 1:colcon.colcon_core.package_identification:_identify(.) by extension 'ignore_ament_install'
[0.137s] Level 1:colcon.colcon_core.package_identification:_identify(.) by extensions ['colcon_pkg']
[0.137s] Level 1:colcon.colcon_core.package_identification:_identify(.) by extension 'colcon_pkg'
[0.137s] Level 1:colcon.colcon_core.package_identification:_identify(.) by extensions ['colcon_meta']
[0.137s] Level 1:colcon.colcon_core.package_identification:_identify(.) by extension 'colcon_meta'
[0.137s] Level 1:colcon.colcon_core.package_identification:_identify(.) by extensions ['ros']
[0.137s] Level 1:colcon.colcon_core.package_identification:_identify(.) by extension 'ros'
[0.149s] Level 1:colcon.colcon_core.package_identification:_identify(.) by extensions ['cmake', 'python']
[0.149s] Level 1:colcon.colcon_core.package_identification:_identify(.) by extension 'cmake'
[0.149s] Level 1:colcon.colcon_core.package_identification:_identify(.) by extension 'python'
[0.149s] Level 1:colcon.colcon_core.package_identification:_identify(.) by extensions ['python_setup_py']
[0.149s] Level 1:colcon.colcon_core.package_identification:_identify(.) by extension 'python_setup_py'
[0.149s] Level 1:colcon.colcon_core.package_identification:_identify(build) by extensions ['ignore', 'ignore_ament_install']
[0.149s] Level 1:colcon.colcon_core.package_identification:_identify(build) by extension 'ignore'
[0.149s] Level 1:colcon.colcon_core.package_identification:_identify(build) ignored
[0.149s] Level 1:colcon.colcon_core.package_identification:_identify(install) by extensions ['ignore', 'ignore_ament_install']
[0.149s] Level 1:colcon.colcon_core.package_identification:_identify(install) by extension 'ignore'
[0.149s] Level 1:colcon.colcon_core.package_identification:_identify(install) ignored
[0.149s] Level 1:colcon.colcon_core.package_identification:_identify(log) by extensions ['ignore', 'ignore_ament_install']
[0.149s] Level 1:colcon.colcon_core.package_identification:_identify(log) by extension 'ignore'
[0.149s] Level 1:colcon.colcon_core.package_identification:_identify(log) ignored
[0.149s] Level 1:colcon.colcon_core.package_identification:_identify(src) by extensions ['ignore', 'ignore_ament_install']
[0.149s] Level 1:colcon.colcon_core.package_identification:_identify(src) by extension 'ignore'
[0.149s] Level 1:colcon.colcon_core.package_identification:_identify(src) by extension 'ignore_ament_install'
[0.149s] Level 1:colcon.colcon_core.package_identification:_identify(src) by extensions ['colcon_pkg']
[0.150s] Level 1:colcon.colcon_core.package_identification:_identify(src) by extension 'colcon_pkg'
[0.150s] Level 1:colcon.colcon_core.package_identification:_identify(src) by extensions ['colcon_meta']
[0.150s] Level 1:colcon.colcon_core.package_identification:_identify(src) by extension 'colcon_meta'
[0.150s] Level 1:colcon.colcon_core.package_identification:_identify(src) by extensions ['ros']
[0.150s] Level 1:colcon.colcon_core.package_identification:_identify(src) by extension 'ros'
[0.150s] Level 1:colcon.colcon_core.package_identification:_identify(src) by extensions ['cmake', 'python']
[0.150s] Level 1:colcon.colcon_core.package_identification:_identify(src) by extension 'cmake'
[0.150s] Level 1:colcon.colcon_core.package_identification:_identify(src) by extension 'python'
[0.150s] Level 1:colcon.colcon_core.package_identification:_identify(src) by extensions ['python_setup_py']
[0.150s] Level 1:colcon.colcon_core.package_identification:_identify(src) by extension 'python_setup_py'
[0.150s] Level 1:colcon.colcon_core.package_identification:_identify(src/visualise_cpp) by extensions ['ignore', 'ignore_ament_install']
[0.150s] Level 1:colcon.colcon_core.package_identification:_identify(src/visualise_cpp) by extension 'ignore'
[0.150s] Level 1:colcon.colcon_core.package_identification:_identify(src/visualise_cpp) by extension 'ignore_ament_install'
[0.150s] Level 1:colcon.colcon_core.package_identification:_identify(src/visualise_cpp) by extensions ['colcon_pkg']
[0.150s] Level 1:colcon.colcon_core.package_identification:_identify(src/visualise_cpp) by extension 'colcon_pkg'
[0.150s] Level 1:colcon.colcon_core.package_identification:_identify(src/visualise_cpp) by extensions ['colcon_meta']
[0.150s] Level 1:colcon.colcon_core.package_identification:_identify(src/visualise_cpp) by extension 'colcon_meta'
[0.150s] Level 1:colcon.colcon_core.package_identification:_identify(src/visualise_cpp) by extensions ['ros']
[0.150s] Level 1:colcon.colcon_core.package_identification:_identify(src/visualise_cpp) by extension 'ros'
[0.152s] DEBUG:colcon.colcon_core.package_identification:Package 'src/visualise_cpp' with type 'ros.ament_cmake' and name 'camera_publisher'
[0.152s] Level 1:colcon.colcon_core.package_discovery:discover_packages(recursive) using defaults
[0.152s] Level 1:colcon.colcon_core.package_discovery:discover_packages(ignore) discover
[0.152s] Level 1:colcon.colcon_core.package_discovery:discover_packages(ignore) using defaults
[0.152s] Level 1:colcon.colcon_core.package_discovery:discover_packages(path) discover
[0.152s] Level 1:colcon.colcon_core.package_discovery:discover_packages(path) using defaults
[0.182s] Level 1:colcon.colcon_core.package_discovery:discover_packages(prefix_path) check parameters
[0.182s] Level 1:colcon.colcon_core.package_discovery:discover_packages(prefix_path) discover
[0.183s] DEBUG:colcon.colcon_installed_package_information.package_discovery:Found 1 installed packages in /home/abd1340m/Dokumente/c++/ros2_cpp_vis_ws/install
[0.184s] DEBUG:colcon.colcon_installed_package_information.package_discovery:Found 435 installed packages in /opt/ros/humble
[0.186s] Level 1:colcon.colcon_core.package_discovery:discover_packages(prefix_path) using defaults
[0.229s] Level 5:colcon.colcon_core.verb:set package 'camera_publisher' build argument 'cmake_args' from command line to 'None'
[0.229s] Level 5:colcon.colcon_core.verb:set package 'camera_publisher' build argument 'cmake_target' from command line to 'None'
[0.229s] Level 5:colcon.colcon_core.verb:set package 'camera_publisher' build argument 'cmake_target_skip_unavailable' from command line to 'False'
[0.229s] Level 5:colcon.colcon_core.verb:set package 'camera_publisher' build argument 'cmake_clean_cache' from command line to 'False'
[0.229s] Level 5:colcon.colcon_core.verb:set package 'camera_publisher' build argument 'cmake_clean_first' from command line to 'False'
[0.229s] Level 5:colcon.colcon_core.verb:set package 'camera_publisher' build argument 'cmake_force_configure' from command line to 'False'
[0.229s] Level 5:colcon.colcon_core.verb:set package 'camera_publisher' build argument 'ament_cmake_args' from command line to 'None'
[0.229s] Level 5:colcon.colcon_core.verb:set package 'camera_publisher' build argument 'catkin_cmake_args' from command line to 'None'
[0.229s] Level 5:colcon.colcon_core.verb:set package 'camera_publisher' build argument 'catkin_skip_building_tests' from command line to 'False'
[0.229s] DEBUG:colcon.colcon_core.verb:Building package 'camera_publisher' with the following arguments: {'ament_cmake_args': None, 'build_base': '/home/abd1340m/Dokumente/c++/ros2_cpp_vis_ws/build/camera_publisher', 'catkin_cmake_args': None, 'catkin_skip_building_tests': False, 'cmake_args': None, 'cmake_clean_cache': False, 'cmake_clean_first': False, 'cmake_force_configure': False, 'cmake_target': None, 'cmake_target_skip_unavailable': False, 'install_base': '/home/abd1340m/Dokumente/c++/ros2_cpp_vis_ws/install/camera_publisher', 'merge_install': False, 'path': '/home/abd1340m/Dokumente/c++/ros2_cpp_vis_ws/src/visualise_cpp', 'symlink_install': False, 'test_result_base': None}
[0.229s] INFO:colcon.colcon_core.executor:Executing jobs using 'parallel' executor
[0.230s] DEBUG:colcon.colcon_parallel_executor.executor.parallel:run_until_complete
[0.230s] INFO:colcon.colcon_ros.task.ament_cmake.build:Building ROS package in '/home/abd1340m/Dokumente/c++/ros2_cpp_vis_ws/src/visualise_cpp' with build type 'ament_cmake'
[0.230s] INFO:colcon.colcon_cmake.task.cmake.build:Building CMake package in '/home/abd1340m/Dokumente/c++/ros2_cpp_vis_ws/src/visualise_cpp'
[0.232s] INFO:colcon.colcon_core.plugin_system:Skipping extension 'colcon_core.shell.bat': Not used on non-Windows systems
[0.233s] INFO:colcon.colcon_core.shell:Skip shell extension 'powershell' for command environment: Not usable outside of PowerShell
[0.233s] DEBUG:colcon.colcon_core.shell:Skip shell extension 'dsv' for command environment
[0.250s] DEBUG:colcon.colcon_core.event_handler.log_command:Invoking command in '/home/abd1340m/Dokumente/c++/ros2_cpp_vis_ws/build/camera_publisher': CMAKE_PREFIX_PATH=${CMAKE_PREFIX_PATH}:/opt/ros/humble /usr/bin/cmake --build /home/abd1340m/Dokumente/c++/ros2_cpp_vis_ws/build/camera_publisher -- -j28 -l28
[15.855s] DEBUG:colcon.colcon_core.event_handler.log_command:Invoked command in '/home/abd1340m/Dokumente/c++/ros2_cpp_vis_ws/build/camera_publisher' returned '0': CMAKE_PREFIX_PATH=${CMAKE_PREFIX_PATH}:/opt/ros/humble /usr/bin/cmake --build /home/abd1340m/Dokumente/c++/ros2_cpp_vis_ws/build/camera_publisher -- -j28 -l28
[15.927s] DEBUG:colcon.colcon_core.event_handler.log_command:Invoking command in '/home/abd1340m/Dokumente/c++/ros2_cpp_vis_ws/build/camera_publisher': CMAKE_PREFIX_PATH=${CMAKE_PREFIX_PATH}:/opt/ros/humble /usr/bin/cmake --install /home/abd1340m/Dokumente/c++/ros2_cpp_vis_ws/build/camera_publisher
[15.941s] Level 1:colcon.colcon_core.environment:create_environment_scripts_only(camera_publisher)
[15.942s] DEBUG:colcon.colcon_core.event_handler.log_command:Invoked command in '/home/abd1340m/Dokumente/c++/ros2_cpp_vis_ws/build/camera_publisher' returned '0': CMAKE_PREFIX_PATH=${CMAKE_PREFIX_PATH}:/opt/ros/humble /usr/bin/cmake --install /home/abd1340m/Dokumente/c++/ros2_cpp_vis_ws/build/camera_publisher
[15.945s] Level 1:colcon.colcon_core.environment:checking '/home/abd1340m/Dokumente/c++/ros2_cpp_vis_ws/install/camera_publisher' for CMake module files
[15.945s] Level 1:colcon.colcon_core.environment:checking '/home/abd1340m/Dokumente/c++/ros2_cpp_vis_ws/install/camera_publisher' for CMake config files
[15.946s] Level 1:colcon.colcon_core.shell:create_environment_hook('camera_publisher', 'cmake_prefix_path')
[15.946s] INFO:colcon.colcon_core.shell:Creating environment hook '/home/abd1340m/Dokumente/c++/ros2_cpp_vis_ws/install/camera_publisher/share/camera_publisher/hook/cmake_prefix_path.ps1'
[15.946s] INFO:colcon.colcon_core.shell:Creating environment descriptor '/home/abd1340m/Dokumente/c++/ros2_cpp_vis_ws/install/camera_publisher/share/camera_publisher/hook/cmake_prefix_path.dsv'
[15.947s] INFO:colcon.colcon_core.shell:Creating environment hook '/home/abd1340m/Dokumente/c++/ros2_cpp_vis_ws/install/camera_publisher/share/camera_publisher/hook/cmake_prefix_path.sh'
[15.947s] Level 1:colcon.colcon_core.environment:checking '/home/abd1340m/Dokumente/c++/ros2_cpp_vis_ws/install/camera_publisher/lib'
[15.948s] Level 1:colcon.colcon_core.environment:checking '/home/abd1340m/Dokumente/c++/ros2_cpp_vis_ws/install/camera_publisher/bin'
[15.948s] Level 1:colcon.colcon_core.environment:checking '/home/abd1340m/Dokumente/c++/ros2_cpp_vis_ws/install/camera_publisher/lib/pkgconfig/camera_publisher.pc'
[15.948s] Level 1:colcon.colcon_core.environment:checking '/home/abd1340m/Dokumente/c++/ros2_cpp_vis_ws/install/camera_publisher/lib/python3.10/site-packages'
[15.948s] Level 1:colcon.colcon_core.environment:checking '/home/abd1340m/Dokumente/c++/ros2_cpp_vis_ws/install/camera_publisher/bin'
[15.948s] INFO:colcon.colcon_core.shell:Creating package script '/home/abd1340m/Dokumente/c++/ros2_cpp_vis_ws/install/camera_publisher/share/camera_publisher/package.ps1'
[15.949s] INFO:colcon.colcon_core.shell:Creating package descriptor '/home/abd1340m/Dokumente/c++/ros2_cpp_vis_ws/install/camera_publisher/share/camera_publisher/package.dsv'
[15.949s] INFO:colcon.colcon_core.shell:Creating package script '/home/abd1340m/Dokumente/c++/ros2_cpp_vis_ws/install/camera_publisher/share/camera_publisher/package.sh'
[15.950s] INFO:colcon.colcon_core.shell:Creating package script '/home/abd1340m/Dokumente/c++/ros2_cpp_vis_ws/install/camera_publisher/share/camera_publisher/package.bash'
[15.950s] INFO:colcon.colcon_core.shell:Creating package script '/home/abd1340m/Dokumente/c++/ros2_cpp_vis_ws/install/camera_publisher/share/camera_publisher/package.zsh'
[15.951s] Level 1:colcon.colcon_core.environment:create_file_with_runtime_dependencies(/home/abd1340m/Dokumente/c++/ros2_cpp_vis_ws/install/camera_publisher/share/colcon-core/packages/camera_publisher)
[15.996s] Level 1:colcon.colcon_core.environment:create_environment_scripts_only(camera_publisher)
[15.997s] Level 1:colcon.colcon_core.environment:checking '/home/abd1340m/Dokumente/c++/ros2_cpp_vis_ws/install/camera_publisher' for CMake module files
[15.998s] Level 1:colcon.colcon_core.environment:checking '/home/abd1340m/Dokumente/c++/ros2_cpp_vis_ws/install/camera_publisher' for CMake config files
[15.998s] Level 1:colcon.colcon_core.shell:create_environment_hook('camera_publisher', 'cmake_prefix_path')
[15.999s] INFO:colcon.colcon_core.shell:Creating environment hook '/home/abd1340m/Dokumente/c++/ros2_cpp_vis_ws/install/camera_publisher/share/camera_publisher/hook/cmake_prefix_path.ps1'
[16.000s] INFO:colcon.colcon_core.shell:Creating environment descriptor '/home/abd1340m/Dokumente/c++/ros2_cpp_vis_ws/install/camera_publisher/share/camera_publisher/hook/cmake_prefix_path.dsv'
[16.001s] INFO:colcon.colcon_core.shell:Creating environment hook '/home/abd1340m/Dokumente/c++/ros2_cpp_vis_ws/install/camera_publisher/share/camera_publisher/hook/cmake_prefix_path.sh'
[16.002s] Level 1:colcon.colcon_core.environment:checking '/home/abd1340m/Dokumente/c++/ros2_cpp_vis_ws/install/camera_publisher/lib'
[16.002s] Level 1:colcon.colcon_core.environment:checking '/home/abd1340m/Dokumente/c++/ros2_cpp_vis_ws/install/camera_publisher/bin'
[16.002s] Level 1:colcon.colcon_core.environment:checking '/home/abd1340m/Dokumente/c++/ros2_cpp_vis_ws/install/camera_publisher/lib/pkgconfig/camera_publisher.pc'
[16.003s] Level 1:colcon.colcon_core.environment:checking '/home/abd1340m/Dokumente/c++/ros2_cpp_vis_ws/install/camera_publisher/lib/python3.10/site-packages'
[16.003s] Level 1:colcon.colcon_core.environment:checking '/home/abd1340m/Dokumente/c++/ros2_cpp_vis_ws/install/camera_publisher/bin'
[16.004s] INFO:colcon.colcon_core.shell:Creating package script '/home/abd1340m/Dokumente/c++/ros2_cpp_vis_ws/install/camera_publisher/share/camera_publisher/package.ps1'
[16.005s] INFO:colcon.colcon_core.shell:Creating package descriptor '/home/abd1340m/Dokumente/c++/ros2_cpp_vis_ws/install/camera_publisher/share/camera_publisher/package.dsv'
[16.006s] INFO:colcon.colcon_core.shell:Creating package script '/home/abd1340m/Dokumente/c++/ros2_cpp_vis_ws/install/camera_publisher/share/camera_publisher/package.sh'
[16.007s] INFO:colcon.colcon_core.shell:Creating package script '/home/abd1340m/Dokumente/c++/ros2_cpp_vis_ws/install/camera_publisher/share/camera_publisher/package.bash'
[16.007s] INFO:colcon.colcon_core.shell:Creating package script '/home/abd1340m/Dokumente/c++/ros2_cpp_vis_ws/install/camera_publisher/share/camera_publisher/package.zsh'
[16.008s] Level 1:colcon.colcon_core.environment:create_file_with_runtime_dependencies(/home/abd1340m/Dokumente/c++/ros2_cpp_vis_ws/install/camera_publisher/share/colcon-core/packages/camera_publisher)
[16.008s] DEBUG:colcon.colcon_parallel_executor.executor.parallel:closing loop
[16.009s] DEBUG:colcon.colcon_parallel_executor.executor.parallel:loop closed
[16.009s] DEBUG:colcon.colcon_parallel_executor.executor.parallel:run_until_complete finished with '0'
[16.009s] DEBUG:colcon.colcon_core.event_reactor:joining thread
[16.026s] INFO:colcon.colcon_core.plugin_system:Skipping extension 'colcon_notification.desktop_notification.terminal_notifier': Not used on non-Darwin systems
[16.027s] INFO:colcon.colcon_core.plugin_system:Skipping extension 'colcon_notification.desktop_notification.win32': Not used on non-Windows systems
[16.027s] INFO:colcon.colcon_notification.desktop_notification:Sending desktop notification using 'notify2'
[16.056s] DEBUG:colcon.colcon_core.event_reactor:joined thread
[16.057s] INFO:colcon.colcon_core.shell:Creating prefix script '/home/abd1340m/Dokumente/c++/ros2_cpp_vis_ws/install/local_setup.ps1'
[16.059s] INFO:colcon.colcon_core.shell:Creating prefix util module '/home/abd1340m/Dokumente/c++/ros2_cpp_vis_ws/install/_local_setup_util_ps1.py'
[16.062s] INFO:colcon.colcon_core.shell:Creating prefix chain script '/home/abd1340m/Dokumente/c++/ros2_cpp_vis_ws/install/setup.ps1'
[16.065s] INFO:colcon.colcon_core.shell:Creating prefix script '/home/abd1340m/Dokumente/c++/ros2_cpp_vis_ws/install/local_setup.sh'
[16.067s] INFO:colcon.colcon_core.shell:Creating prefix util module '/home/abd1340m/Dokumente/c++/ros2_cpp_vis_ws/install/_local_setup_util_sh.py'
[16.068s] INFO:colcon.colcon_core.shell:Creating prefix chain script '/home/abd1340m/Dokumente/c++/ros2_cpp_vis_ws/install/setup.sh'
[16.072s] INFO:colcon.colcon_core.shell:Creating prefix script '/home/abd1340m/Dokumente/c++/ros2_cpp_vis_ws/install/local_setup.bash'
[16.073s] INFO:colcon.colcon_core.shell:Creating prefix chain script '/home/abd1340m/Dokumente/c++/ros2_cpp_vis_ws/install/setup.bash'
[16.076s] INFO:colcon.colcon_core.shell:Creating prefix script '/home/abd1340m/Dokumente/c++/ros2_cpp_vis_ws/install/local_setup.zsh'
[16.076s] INFO:colcon.colcon_core.shell:Creating prefix chain script '/home/abd1340m/Dokumente/c++/ros2_cpp_vis_ws/install/setup.zsh'
